[2026-02-19T15:34:09.516Z] [Auth] Response Keys: token,user,expires,papeis
[2026-02-19T15:34:09.518Z] [Auth] Token received (length: 839)
[2026-02-19T15:34:09.519Z] [API] Fetching: https://api.suporteleiloes.com.br/api/leiloes?page=1&limit=20&sortBy=dataProximoLeilao&descending=false&search=&status=0%2C1%2C2%2C3%2C4
[2026-02-19T15:34:18.052Z] [Auth] Response Keys: token,user,expires,papeis
[2026-02-19T15:34:18.052Z] [Auth] Token received (length: 839)
[2026-02-19T15:34:57.275Z] [Auth] Response Keys: token,user,expires,papeis
[2026-02-19T15:34:57.276Z] [Auth] Token received (length: 839)
[2026-02-19T15:34:57.277Z] [API] Fetching: https://api.suporteleiloes.com.br/api/leiloes?page=1&limit=20&sortBy=dataProximoLeilao&descending=false&search=&status=0%2C1%2C2%2C3%2C4
[2026-02-19T15:35:01.880Z] [Auth] Response Keys: token,user,expires,papeis
[2026-02-19T15:35:01.880Z] [Auth] Token received (length: 839)
[2026-02-19T15:37:26.927Z] [Auth] Response Keys: token,user,expires,papeis
[2026-02-19T15:37:26.927Z] [Auth] Token received (length: 839)
[2026-02-19T15:37:28.295Z] [Auth] Response Keys: token,user,expires,papeis
[2026-02-19T15:37:28.296Z] [Auth] Token received (length: 839)
[2026-02-19T15:37:28.296Z] [API] Fetching: https://api.suporteleiloes.com.br/api/leiloes?page=1&limit=20&sortBy=dataProximoLeilao&descending=false&search=&status=0%2C1%2C2%2C3%2C4
[2026-02-19T15:37:33.697Z] [Auth] Response Keys: token,user,expires,papeis
[2026-02-19T15:37:33.697Z] [Auth] Token received (length: 839)
[2026-02-19T15:59:04.815Z] [Auth] Response Keys: token,user,expires,papeis
[2026-02-19T15:59:04.817Z] [Auth] Token received (length: 839)
[2026-02-19T15:59:04.818Z] [API] Fetching: https://api.suporteleiloes.com.br/api/leiloes?page=1&limit=20&sortBy=dataProximoLeilao&descending=false&search=&status=0%2C1%2C2%2C3%2C4
[2026-02-19T15:59:35.197Z] [Auth] Response Keys: token,user,expires,papeis
[2026-02-19T15:59:35.198Z] [Auth] Token received (length: 839)
[2026-02-19T15:59:35.198Z] [API] Fetching: https://api.suporteleiloes.com.br/api/leiloes?page=1&limit=20&sortBy=dataProximoLeilao&descending=false&search=&status=0%2C1%2C2%2C3%2C4
[2026-02-19T16:00:52.793Z] [Auth] Response Keys: token,user,expires,papeis
[2026-02-19T16:00:52.795Z] [Auth] Token received (length: 839)
[2026-02-19T16:00:54.209Z] [Auth] Response Keys: token,user,expires,papeis
[2026-02-19T16:00:54.209Z] [Auth] Token received (length: 839)
[2026-02-19T16:01:03.600Z] [Auth] Response Keys: token,user,expires,papeis
[2026-02-19T16:01:03.601Z] [Auth] Token received (length: 839)
[2026-02-19T16:01:11.872Z] [Auth] Response Keys: token,user,expires,papeis
[2026-02-19T16:01:11.872Z] [Auth] Token received (length: 839)
[2026-02-19T16:01:43.547Z] [Auth] Response Keys: token,user,expires,papeis
[2026-02-19T16:01:43.548Z] [Auth] Token received (length: 839)
[2026-02-19T16:02:27.182Z] [Auth] Response Keys: token,user,expires,papeis
[2026-02-19T16:02:27.183Z] [Auth] Token received (length: 839)
[2026-02-19T16:02:28.000Z] [Auth] Response Keys: token,user,expires,papeis
[2026-02-19T16:02:28.002Z] [Auth] Token received (length: 839)
[2026-02-19T16:04:14.480Z] [Auth] Response Keys: token,user,expires,papeis
[2026-02-19T16:04:14.483Z] [Auth] Token received (length: 839)
[2026-02-19T16:04:19.796Z] [Auth] Response Keys: token,user,expires,papeis
[2026-02-19T16:04:19.797Z] [Auth] Token received (length: 839)
[2026-02-19T16:04:21.030Z] [Auth] Response Keys: token,user,expires,papeis
[2026-02-19T16:04:21.031Z] [Auth] Token received (length: 839)
[2026-02-19T16:12:24.841Z] [Auth] Response Keys: token,user,expires,papeis
[2026-02-19T16:12:24.843Z] [Auth] Token received (length: 839)
[2026-02-19T16:12:24.844Z] [API] Fetching: https://api.suporteleiloes.com.br/api/leiloes?page=1&limit=20&sortBy=dataProximoLeilao&descending=false&search=&status=0%2C1%2C2%2C3%2C4
[2026-02-19T16:12:33.024Z] [Auth] Response Keys: token,user,expires,papeis
[2026-02-19T16:12:33.025Z] [Auth] Token received (length: 839)
[2026-02-19T16:12:33.025Z] [API] Fetching: https://api.suporteleiloes.com.br/api/leiloes?page=1&limit=20&sortBy=dataProximoLeilao&descending=false&search=&status=0%2C1%2C2%2C3%2C4
[2026-02-19T16:12:52.697Z] [Auth] Response Keys: token,user,expires,papeis
[2026-02-19T16:12:52.699Z] [Auth] Token received (length: 839)
[2026-02-19T16:13:10.826Z] [Auth] Response Keys: token,user,expires,papeis
[2026-02-19T16:13:10.826Z] [Auth] Token received (length: 839)
[2026-02-19T16:13:14.529Z] [Auth] Response Keys: token,user,expires,papeis
[2026-02-19T16:13:14.531Z] [Auth] Token received (length: 839)
[2026-02-19T16:13:28.848Z] [Auth] Response Keys: token,user,expires,papeis
[2026-02-19T16:13:28.849Z] [Auth] Token received (length: 839)
[2026-02-19T16:13:39.723Z] [Auth] Response Keys: token,user,expires,papeis
[2026-02-19T16:13:39.724Z] [Auth] Token received (length: 839)
[2026-02-19T16:20:18.775Z] [Auth] Response Keys: token,user,expires,papeis
[2026-02-19T16:20:18.781Z] [Auth] Token received (length: 839)
[2026-02-19T16:25:03.679Z] [Auth] Response Keys: token,user,expires,papeis
[2026-02-19T16:25:03.682Z] [Auth] Token received (length: 839)
[2026-02-19T16:25:32.998Z] [Auth] Response Keys: token,user,expires,papeis
[2026-02-19T16:25:32.999Z] [Auth] Token received (length: 839)
[2026-02-19T16:25:44.101Z] [Auth] Response Keys: token,user,expires,papeis
[2026-02-19T16:25:44.102Z] [Auth] Token received (length: 839)
[2026-02-19T16:26:16.836Z] [Auth] Response Keys: token,user,expires,papeis
[2026-02-19T16:26:16.838Z] [Auth] Token received (length: 839)
[2026-02-19T16:28:06.003Z] [Auth] Response Keys: token,user,expires,papeis
[2026-02-19T16:28:06.004Z] [Auth] Token received (length: 839)
[2026-02-19T16:28:34.953Z] [Auth] Response Keys: token,user,expires,papeis
[2026-02-19T16:28:34.955Z] [Auth] Token received (length: 839)
[2026-02-19T16:31:35.659Z] [Auth] Response Keys: token,user,expires,papeis
[2026-02-19T16:31:35.660Z] [Auth] Token received (length: 839)
[2026-02-19T16:33:13.368Z] [Auth] Response Keys: token,user,expires,papeis
[2026-02-19T16:33:13.369Z] [Auth] Token received (length: 839)
[2026-02-19T16:33:15.951Z] [Auth] Response Keys: token,user,expires,papeis
[2026-02-19T16:33:15.952Z] [Auth] Token received (length: 839)
[2026-02-19T16:33:28.085Z] [Auth] Response Keys: token,user,expires,papeis
[2026-02-19T16:33:28.086Z] [Auth] Token received (length: 839)
[2026-02-19T16:33:30.077Z] [Auth] Response Keys: token,user,expires,papeis
[2026-02-19T16:33:30.078Z] [Auth] Token received (length: 839)
[2026-02-19T16:33:33.405Z] [Auth] Response Keys: token,user,expires,papeis
[2026-02-19T16:33:33.406Z] [Auth] Token received (length: 839)
[2026-02-19T16:35:20.682Z] [Auth] Response Keys: token,user,expires,papeis
[2026-02-19T16:35:20.684Z] [Auth] Token received (length: 839)
[2026-02-19T16:39:01.765Z] [Auth] Response Keys: token,user,expires,papeis
[2026-02-19T16:39:01.768Z] [Auth] Token received (length: 839)
[2026-02-19T16:41:01.390Z] [Auth] Response Keys: token,user,expires,papeis
[2026-02-19T16:41:01.391Z] [Auth] Token received (length: 839)
[2026-02-19T16:41:19.994Z] [Auth] Response Keys: token,user,expires,papeis
[2026-02-19T16:41:19.995Z] [Auth] Token received (length: 839)
[2026-02-19T16:41:55.360Z] [Auth] Response Keys: token,user,expires,papeis
[2026-02-19T16:41:55.361Z] [Auth] Token received (length: 839)
[2026-02-19T16:48:40.134Z] [Auth] Response Keys: token,user,expires,papeis
[2026-02-19T16:48:40.138Z] [Auth] Token received (length: 839)
[2026-02-19T16:49:00.406Z] [Auth] Response Keys: token,user,expires,papeis
[2026-02-19T16:49:00.406Z] [Auth] Token received (length: 839)
[2026-02-19T16:49:10.193Z] [Auth] Response Keys: token,user,expires,papeis
[2026-02-19T16:49:10.194Z] [Auth] Token received (length: 839)
[2026-02-19T16:51:36.612Z] [Auth] Response Keys: token,user,expires,papeis
[2026-02-19T16:51:36.620Z] [Auth] Token received (length: 839)
[2026-02-19T16:51:47.339Z] [Auth] Response Keys: token,user,expires,papeis
[2026-02-19T16:51:47.341Z] [Auth] Token received (length: 839)
[2026-02-19T16:53:18.908Z] [Auth] Response Keys: token,user,expires,papeis
[2026-02-19T16:53:18.914Z] [Auth] Token received (length: 839)
[2026-02-19T16:53:18.914Z] [API] Fetching: https://api.suporteleiloes.com.br/api/leiloes?page=1&limit=20&sortBy=dataProximoLeilao&descending=false&search=&status=0%2C1%2C2%2C3%2C4
[2026-02-19T16:53:50.503Z] [Auth] Response Keys: token,user,expires,papeis
[2026-02-19T16:53:50.506Z] [Auth] Token received (length: 839)
[2026-02-19T16:53:54.908Z] [Auth] Response Keys: token,user,expires,papeis
[2026-02-19T16:53:54.909Z] [Auth] Token received (length: 839)
[2026-02-19T16:54:03.970Z] [Auth] Response Keys: token,user,expires,papeis
[2026-02-19T16:54:03.971Z] [Auth] Token received (length: 839)
[2026-02-19T16:54:08.198Z] [Auth] Response Keys: token,user,expires,papeis
[2026-02-19T16:54:08.199Z] [Auth] Token received (length: 839)
[2026-02-19T16:54:09.555Z] [Auth] Response Keys: token,user,expires,papeis
[2026-02-19T16:54:09.557Z] [Auth] Token received (length: 839)
[2026-02-19T16:55:18.868Z] [Auth] Response Keys: token,user,expires,papeis
[2026-02-19T16:55:18.870Z] [Auth] Token received (length: 839)
[2026-02-19T16:56:20.116Z] [Auth] Response Keys: token,user,expires,papeis
[2026-02-19T16:56:20.119Z] [Auth] Token received (length: 839)
[2026-02-19T16:56:28.263Z] [Auth] Response Keys: token,user,expires,papeis
[2026-02-19T16:56:28.264Z] [Auth] Token received (length: 839)
[2026-02-19T16:56:48.250Z] [Auth] Response Keys: token,user,expires,papeis
[2026-02-19T16:56:48.251Z] [Auth] Token received (length: 839)
[2026-02-19T16:57:01.984Z] [Auth] Response Keys: token,user,expires,papeis
[2026-02-19T16:57:01.985Z] [Auth] Token received (length: 839)
[2026-02-19T16:57:07.540Z] [Auth] Response Keys: token,user,expires,papeis
[2026-02-19T16:57:07.541Z] [Auth] Token received (length: 839)
[2026-02-19T16:57:33.426Z] [Auth] Response Keys: token,user,expires,papeis
[2026-02-19T16:57:33.428Z] [Auth] Token received (length: 839)
[2026-02-19T16:57:37.500Z] [Auth] Response Keys: token,user,expires,papeis
[2026-02-19T16:57:37.502Z] [Auth] Token received (length: 839)
[2026-02-19T16:57:37.503Z] [API] Fetching: https://api.suporteleiloes.com.br/api/leiloes?page=1&limit=20&sortBy=dataProximoLeilao&descending=false&search=&status=0%2C1%2C2%2C3%2C4
[2026-02-19T16:57:38.889Z] [Auth] Response Keys: token,user,expires,papeis
[2026-02-19T16:57:38.890Z] [Auth] Token received (length: 839)
[2026-02-19T16:57:38.891Z] [API] Fetching: https://api.suporteleiloes.com.br/api/leiloes?page=1&limit=20&sortBy=dataProximoLeilao&descending=false&search=&status=0%2C1%2C2%2C3%2C4
[2026-02-19T16:57:40.933Z] [Auth] Response Keys: token,user,expires,papeis
[2026-02-19T16:57:40.938Z] [Auth] Token received (length: 839)
[2026-02-19T16:57:40.941Z] [API] Fetching: https://api.suporteleiloes.com.br/api/leiloes?page=1&limit=20&sortBy=dataProximoLeilao&descending=false&search=&status=0%2C1%2C2%2C3%2C4
[2026-02-19T16:57:42.498Z] [Auth] Response Keys: token,user,expires,papeis
[2026-02-19T16:57:42.500Z] [Auth] Token received (length: 839)
[2026-02-19T16:57:42.502Z] [API] Fetching: https://api.suporteleiloes.com.br/api/leiloes?page=1&limit=20&sortBy=dataProximoLeilao&descending=false&search=&status=0%2C1%2C2%2C3%2C4
[2026-02-19T16:57:43.860Z] [Auth] Response Keys: token,user,expires,papeis
[2026-02-19T16:57:43.862Z] [Auth] Token received (length: 839)
[2026-02-19T16:57:43.863Z] [API] Fetching: https://api.suporteleiloes.com.br/api/leiloes?page=1&limit=20&sortBy=dataProximoLeilao&descending=false&search=&status=0%2C1%2C2%2C3%2C4
[2026-02-19T16:57:52.848Z] [Auth] Response Keys: token,user,expires,papeis
[2026-02-19T16:57:52.850Z] [Auth] Token received (length: 839)
[2026-02-19T17:29:33.671Z] [API] Fetching: undefined/api/leiloes?page=1&limit=20&sortBy=dataProximoLeilao&descending=false&search=&status=0%2C1%2C2%2C3%2C4
[2026-02-19T17:30:59.691Z] [API] Fetching: undefined/api/leiloes?page=1&limit=20&sortBy=dataProximoLeilao&descending=false&search=&status=0%2C1%2C2%2C3%2C4
[2026-02-19T17:31:12.466Z] [Auth] Response Keys: token,user,expires,papeis
[2026-02-19T17:31:12.466Z] [Auth] Token received (length: 839)
[2026-02-19T17:31:12.467Z] [API] Fetching: https://api.suporteleiloes.com.br/api/leiloes?page=1&limit=20&sortBy=dataProximoLeilao&descending=false&search=&status=0%2C1%2C2%2C3%2C4
[2026-02-19T17:32:18.030Z] [Auth] Response Keys: token,user,expires,papeis
[2026-02-19T17:32:18.031Z] [Auth] Token received (length: 839)
[2026-02-19T17:32:20.461Z] [Auth] Response Keys: token,user,expires,papeis
[2026-02-19T17:32:20.461Z] [Auth] Token received (length: 839)
[2026-02-19T17:34:00.826Z] [Auth] Response Keys: token,user,expires,papeis
[2026-02-19T17:34:00.827Z] [Auth] Token received (length: 839)
[2026-02-19T17:34:04.091Z] [Auth] Response Keys: token,user,expires,papeis
[2026-02-19T17:34:04.092Z] [Auth] Token received (length: 839)
[2026-02-19T17:34:22.339Z] [Auth] Response Keys: token,user,expires,papeis
[2026-02-19T17:34:22.340Z] [Auth] Token received (length: 839)
[2026-02-19T17:34:27.480Z] [Auth] Response Keys: token,user,expires,papeis
[2026-02-19T17:34:27.481Z] [Auth] Token received (length: 839)
[2026-02-19T17:34:28.738Z] [Auth] Response Keys: token,user,expires,papeis
[2026-02-19T17:34:28.739Z] [Auth] Token received (length: 839)
[2026-02-19T17:34:41.127Z] [Auth] Response Keys: token,user,expires,papeis
[2026-02-19T17:34:41.127Z] [Auth] Token received (length: 839)
[2026-02-19T17:35:05.173Z] [Auth] Response Keys: token,user,expires,papeis
[2026-02-19T17:35:05.173Z] [Auth] Token received (length: 839)
[2026-02-19T17:35:10.397Z] [Auth] Response Keys: token,user,expires,papeis
[2026-02-19T17:35:10.398Z] [Auth] Token received (length: 839)
[2026-02-19T17:35:10.398Z] [API] Fetching: https://api.suporteleiloes.com.br/api/leiloes?page=1&limit=20&sortBy=dataProximoLeilao&descending=false&search=&status=0%2C1%2C2%2C3%2C4
[2026-02-19T17:35:14.391Z] [Auth] Response Keys: token,user,expires,papeis
[2026-02-19T17:35:14.392Z] [Auth] Token received (length: 839)
[2026-02-19T17:35:17.521Z] [Auth] Response Keys: token,user,expires,papeis
[2026-02-19T17:35:17.521Z] [Auth] Token received (length: 839)
[2026-02-19T17:35:18.903Z] [Auth] Response Keys: token,user,expires,papeis
[2026-02-19T17:35:18.903Z] [Auth] Token received (length: 839)
[2026-02-19T17:35:26.746Z] [Auth] Response Keys: token,user,expires,papeis
[2026-02-19T17:35:26.746Z] [Auth] Token received (length: 839)
[2026-02-19T17:35:35.717Z] [Auth] Response Keys: token,user,expires,papeis
[2026-02-19T17:35:35.717Z] [Auth] Token received (length: 839)
[2026-02-19T17:36:23.472Z] [Auth] Response Keys: token,user,expires,papeis
[2026-02-19T17:36:23.472Z] [Auth] Token received (length: 839)
[2026-02-19T17:36:28.619Z] [Auth] Response Keys: token,user,expires,papeis
[2026-02-19T17:36:28.619Z] [Auth] Token received (length: 839)
[2026-02-19T17:38:40.918Z] [Auth] Response Keys: token,user,expires,papeis
[2026-02-19T17:38:40.918Z] [Auth] Token received (length: 839)
[2026-02-19T17:38:45.476Z] [Auth] Response Keys: token,user,expires,papeis
[2026-02-19T17:38:45.476Z] [Auth] Token received (length: 839)
[2026-02-19T17:39:00.075Z] [Auth] Response Keys: token,user,expires,papeis
[2026-02-19T17:39:00.076Z] [Auth] Token received (length: 839)
[2026-02-19T17:39:06.162Z] [Auth] Response Keys: token,user,expires,papeis
[2026-02-19T17:39:06.162Z] [Auth] Token received (length: 839)
[2026-02-19T17:39:52.066Z] [Auth] Response Keys: token,user,expires,papeis
[2026-02-19T17:39:52.066Z] [Auth] Token received (length: 839)
[2026-02-19T17:40:20.948Z] [Auth] Response Keys: token,user,expires,papeis
[2026-02-19T17:40:20.949Z] [Auth] Token received (length: 839)
[2026-02-19T17:40:20.949Z] [API] Fetching: https://api.suporteleiloes.com.br/api/leiloes?page=1&limit=20&sortBy=dataProximoLeilao&descending=false&search=&status=0%2C1%2C2%2C3%2C4
[2026-02-19T17:40:24.863Z] [Auth] Response Keys: token,user,expires,papeis
[2026-02-19T17:40:24.864Z] [Auth] Token received (length: 839)
[2026-02-19T17:40:33.788Z] [Auth] Response Keys: token,user,expires,papeis
[2026-02-19T17:40:33.788Z] [Auth] Token received (length: 839)
[2026-02-19T17:40:36.566Z] [Auth] Response Keys: token,user,expires,papeis
[2026-02-19T17:40:36.567Z] [Auth] Token received (length: 839)
[2026-02-19T17:42:02.205Z] [Auth] Response Keys: token,user,expires,papeis
[2026-02-19T17:42:02.206Z] [Auth] Token received (length: 839)
[2026-02-19T17:42:10.808Z] [Auth] Response Keys: token,user,expires,papeis
[2026-02-19T17:42:10.809Z] [Auth] Token received (length: 839)
[2026-02-19T17:42:31.338Z] [Auth] Response Keys: token,user,expires,papeis
[2026-02-19T17:42:31.339Z] [Auth] Token received (length: 839)
[2026-02-19T17:42:50.600Z] [Auth] Response Keys: token,user,expires,papeis
[2026-02-19T17:42:50.601Z] [Auth] Token received (length: 839)
[2026-02-19T17:42:51.833Z] [Auth] Response Keys: token,user,expires,papeis
[2026-02-19T17:42:51.834Z] [Auth] Token received (length: 839)
[2026-02-19T17:42:57.524Z] [Auth] Response Keys: token,user,expires,papeis
[2026-02-19T17:42:57.524Z] [Auth] Token received (length: 839)
[2026-02-19T17:43:03.772Z] [Auth] Response Keys: token,user,expires,papeis
[2026-02-19T17:43:03.773Z] [Auth] Token received (length: 839)
[2026-02-19T17:43:10.007Z] [Auth] Response Keys: token,user,expires,papeis
[2026-02-19T17:43:10.008Z] [Auth] Token received (length: 839)
[2026-02-19T17:43:22.978Z] [Auth] Response Keys: token,user,expires,papeis
[2026-02-19T17:43:22.978Z] [Auth] Token received (length: 839)
[2026-02-19T17:43:34.192Z] [Auth] Response Keys: token,user,expires,papeis
[2026-02-19T17:43:34.192Z] [Auth] Token received (length: 839)
[2026-02-19T17:43:35.095Z] [Auth] Response Keys: token,user,expires,papeis
[2026-02-19T17:43:35.095Z] [Auth] Token received (length: 839)
[2026-02-19T17:43:56.537Z] [Auth] Response Keys: token,user,expires,papeis
[2026-02-19T17:43:56.537Z] [Auth] Token received (length: 839)
[2026-02-19T17:45:43.554Z] [Auth] Response Keys: token,user,expires,papeis
[2026-02-19T17:45:43.554Z] [Auth] Token received (length: 839)
[2026-02-19T17:45:43.555Z] [API] Fetching: https://api.suporteleiloes.com.br/api/leiloes?page=1&limit=20&sortBy=dataProximoLeilao&descending=false&search=&status=0%2C1%2C2%2C3%2C4
[2026-02-19T17:45:45.605Z] [Auth] Response Keys: token,user,expires,papeis
[2026-02-19T17:45:45.606Z] [Auth] Token received (length: 839)
[2026-02-19T17:45:47.846Z] [Auth] Response Keys: token,user,expires,papeis
[2026-02-19T17:45:47.846Z] [Auth] Token received (length: 839)
[2026-02-19T17:45:48.840Z] [Auth] Response Keys: token,user,expires,papeis
[2026-02-19T17:45:48.841Z] [Auth] Token received (length: 839)
[2026-02-19T17:45:58.914Z] [Auth] Response Keys: token,user,expires,papeis
[2026-02-19T17:45:58.915Z] [Auth] Token received (length: 839)
[2026-02-19T17:46:00.257Z] [Auth] Response Keys: token,user,expires,papeis
[2026-02-19T17:46:00.257Z] [Auth] Token received (length: 839)
[2026-02-19T17:48:10.688Z] [Auth] Response Keys: token,user,expires,papeis
[2026-02-19T17:48:10.688Z] [Auth] Token received (length: 839)
[2026-02-19T17:48:11.723Z] [Auth] Response Keys: token,user,expires,papeis
[2026-02-19T17:48:11.723Z] [Auth] Token received (length: 839)
[2026-02-19T17:55:47.448Z] [Auth] Response Keys: token,user,expires,papeis
[2026-02-19T17:55:47.449Z] [Auth] Token received (length: 839)
[2026-02-19T17:55:57.275Z] [Auth] Response Keys: token,user,expires,papeis
[2026-02-19T17:55:57.276Z] [Auth] Token received (length: 839)
[2026-02-19T17:55:59.722Z] [Auth] Response Keys: token,user,expires,papeis
[2026-02-19T17:55:59.723Z] [Auth] Token received (length: 839)
[2026-02-19T17:55:59.723Z] [API] Fetching: https://api.suporteleiloes.com.br/api/leiloes?page=1&limit=20&sortBy=dataProximoLeilao&descending=false&search=&status=0%2C1%2C2%2C3%2C4
[2026-02-19T17:57:12.545Z] [Auth] Response Keys: token,user,expires,papeis
[2026-02-19T17:57:12.545Z] [Auth] Token received (length: 839)
[2026-02-19T17:57:13.902Z] [Auth] Response Keys: token,user,expires,papeis
[2026-02-19T17:57:13.903Z] [Auth] Token received (length: 839)
[2026-02-19T17:57:20.571Z] [Auth] Response Keys: token,user,expires,papeis
[2026-02-19T17:57:20.572Z] [Auth] Token received (length: 839)
[2026-02-19T17:57:24.009Z] [Auth] Response Keys: token,user,expires,papeis
[2026-02-19T17:57:24.010Z] [Auth] Token received (length: 839)
[2026-02-19T17:57:25.253Z] [Auth] Response Keys: token,user,expires,papeis
[2026-02-19T17:57:25.254Z] [Auth] Token received (length: 839)
[2026-02-19T18:01:52.441Z] [Auth] Response Keys: token,user,expires,papeis
[2026-02-19T18:01:52.441Z] [Auth] Token received (length: 839)
[2026-02-19T18:02:25.967Z] [Auth] Response Keys: token,user,expires,papeis
[2026-02-19T18:02:25.968Z] [Auth] Token received (length: 839)
[2026-02-19T18:03:23.286Z] [Auth] Response Keys: token,user,expires,papeis
[2026-02-19T18:03:23.286Z] [Auth] Token received (length: 839)
[2026-02-19T18:04:18.877Z] [Auth] Response Keys: token,user,expires,papeis
[2026-02-19T18:04:18.878Z] [Auth] Token received (length: 839)
[2026-02-19T18:04:40.446Z] [Auth] Response Keys: token,user,expires,papeis
[2026-02-19T18:04:40.446Z] [Auth] Token received (length: 839)
[2026-02-19T18:06:51.807Z] [Auth] Response Keys: token,user,expires,papeis
[2026-02-19T18:06:51.807Z] [Auth] Token received (length: 839)
[2026-02-19T18:06:55.880Z] [Auth] Response Keys: token,user,expires,papeis
[2026-02-19T18:06:55.880Z] [Auth] Token received (length: 839)
[2026-02-19T18:06:57.821Z] [Auth] Response Keys: token,user,expires,papeis
[2026-02-19T18:06:57.821Z] [Auth] Token received (length: 839)
[2026-02-19T18:08:39.290Z] [Auth] Response Keys: token,user,expires,papeis
[2026-02-19T18:08:39.290Z] [Auth] Token received (length: 839)
[2026-02-19T18:13:29.995Z] [Auth] Response Keys: token,user,expires,papeis
[2026-02-19T18:13:29.995Z] [Auth] Token received (length: 839)
[2026-02-19T18:13:31.931Z] [Auth] Response Keys: token,user,expires,papeis
[2026-02-19T18:13:31.932Z] [Auth] Token received (length: 839)
[2026-02-19T18:14:35.419Z] [Auth] Response Keys: token,user,expires,papeis
[2026-02-19T18:14:35.421Z] [Auth] Token received (length: 839)
[2026-02-19T18:15:03.858Z] [Auth] Response Keys: token,user,expires,papeis
[2026-02-19T18:15:03.858Z] [Auth] Token received (length: 839)
[2026-02-19T18:15:03.859Z] [API] Fetching: https://api.suporteleiloes.com.br/api/leiloes?page=1&limit=20&sortBy=dataProximoLeilao&descending=false&search=&status=0%2C1%2C2%2C3%2C4
[2026-02-19T18:24:12.256Z] [Auth] Response Keys: token,user,expires,papeis
[2026-02-19T18:24:12.257Z] [Auth] Token received (length: 839)
[2026-02-19T18:24:24.435Z] [Auth] Response Keys: token,user,expires,papeis
[2026-02-19T18:24:24.435Z] [Auth] Token received (length: 839)
[2026-02-19T18:24:24.436Z] [API] Fetching: https://api.suporteleiloes.com.br/api/leiloes?page=1&limit=20&sortBy=dataProximoLeilao&descending=false&search=&status=0%2C1%2C2%2C3%2C4
[2026-02-19T18:24:28.952Z] [Auth] Response Keys: token,user,expires,papeis
[2026-02-19T18:24:28.952Z] [Auth] Token received (length: 839)
[2026-02-19T18:24:33.472Z] [Auth] Response Keys: token,user,expires,papeis
[2026-02-19T18:24:33.473Z] [Auth] Token received (length: 839)
[2026-02-19T18:24:35.429Z] [Auth] Response Keys: token,user,expires,papeis
[2026-02-19T18:24:35.430Z] [Auth] Token received (length: 839)
[2026-02-19T18:24:44.081Z] [Auth] Response Keys: token,user,expires,papeis
[2026-02-19T18:24:44.081Z] [Auth] Token received (length: 839)
[2026-02-19T18:24:50.997Z] [Auth] Response Keys: token,user,expires,papeis
[2026-02-19T18:24:50.998Z] [Auth] Token received (length: 839)
[2026-02-19T18:25:02.939Z] [Auth] Response Keys: token,user,expires,papeis
[2026-02-19T18:25:02.940Z] [Auth] Token received (length: 839)
[2026-02-19T18:25:08.493Z] [Auth] Response Keys: token,user,expires,papeis
[2026-02-19T18:25:08.493Z] [Auth] Token received (length: 839)
[2026-02-19T18:25:12.995Z] [Auth] Response Keys: token,user,expires,papeis
[2026-02-19T18:25:12.995Z] [Auth] Token received (length: 839)
[2026-02-19T18:25:35.211Z] [Auth] Response Keys: token,user,expires,papeis
[2026-02-19T18:25:35.211Z] [Auth] Token received (length: 839)
[2026-02-19T18:25:54.355Z] [Auth] Response Keys: token,user,expires,papeis
[2026-02-19T18:25:54.355Z] [Auth] Token received (length: 839)
[2026-02-19T18:25:55.477Z] [Auth] Response Keys: token,user,expires,papeis
[2026-02-19T18:25:55.477Z] [Auth] Token received (length: 839)
[2026-02-19T18:26:01.840Z] [Auth] Response Keys: token,user,expires,papeis
[2026-02-19T18:26:01.841Z] [Auth] Token received (length: 839)
[2026-02-19T18:26:02.979Z] [Auth] Response Keys: token,user,expires,papeis
[2026-02-19T18:26:02.980Z] [Auth] Token received (length: 839)
[2026-02-19T18:27:47.897Z] [Auth] Response Keys: token,user,expires,papeis
[2026-02-19T18:27:47.898Z] [Auth] Token received (length: 839)
[2026-02-19T18:27:50.552Z] [Auth] Response Keys: token,user,expires,papeis
[2026-02-19T18:27:50.552Z] [Auth] Token received (length: 839)
[2026-02-19T18:27:51.208Z] [Auth] Response Keys: token,user,expires,papeis
[2026-02-19T18:27:51.209Z] [Auth] Token received (length: 839)
[2026-02-19T18:27:56.136Z] [Auth] Response Keys: token,user,expires,papeis
[2026-02-19T18:27:56.136Z] [Auth] Token received (length: 839)
[2026-02-19T18:28:33.848Z] [Auth] Response Keys: token,user,expires,papeis
[2026-02-19T18:28:33.848Z] [Auth] Token received (length: 839)
[2026-02-19T18:28:36.553Z] [Auth] Response Keys: token,user,expires,papeis
[2026-02-19T18:28:36.554Z] [Auth] Token received (length: 839)
[2026-02-19T18:28:41.949Z] [Auth] Response Keys: token,user,expires,papeis
[2026-02-19T18:28:41.950Z] [Auth] Token received (length: 839)
[2026-02-19T18:28:44.738Z] [Auth] Response Keys: token,user,expires,papeis
[2026-02-19T18:28:44.739Z] [Auth] Token received (length: 839)
[2026-02-19T18:28:47.246Z] [Auth] Response Keys: token,user,expires,papeis
[2026-02-19T18:28:47.246Z] [Auth] Token received (length: 839)
[2026-02-19T18:29:12.702Z] [Auth] Response Keys: token,user,expires,papeis
[2026-02-19T18:29:12.702Z] [Auth] Token received (length: 839)
[2026-02-19T18:29:15.822Z] [Auth] Response Keys: token,user,expires,papeis
[2026-02-19T18:29:15.822Z] [Auth] Token received (length: 839)
[2026-02-19T18:29:16.967Z] [Auth] Response Keys: token,user,expires,papeis
[2026-02-19T18:29:16.967Z] [Auth] Token received (length: 839)
[2026-02-19T18:29:17.671Z] [Auth] Response Keys: token,user,expires,papeis
[2026-02-19T18:29:17.671Z] [Auth] Token received (length: 839)
[2026-02-19T18:29:23.516Z] [Auth] Response Keys: token,user,expires,papeis
[2026-02-19T18:29:23.517Z] [Auth] Token received (length: 839)
[2026-02-19T18:29:40.503Z] [Auth] Response Keys: token,user,expires,papeis
[2026-02-19T18:29:40.504Z] [Auth] Token received (length: 839)
[2026-02-19T18:29:48.802Z] [Auth] Response Keys: token,user,expires,papeis
[2026-02-19T18:29:48.803Z] [Auth] Token received (length: 839)
[2026-02-19T18:29:57.858Z] [Auth] Response Keys: token,user,expires,papeis
[2026-02-19T18:29:57.858Z] [Auth] Token received (length: 839)
[2026-02-19T18:30:11.143Z] [Auth] Response Keys: token,user,expires,papeis
[2026-02-19T18:30:11.143Z] [Auth] Token received (length: 839)
[2026-02-19T18:30:15.702Z] [Auth] Response Keys: token,user,expires,papeis
[2026-02-19T18:30:15.702Z] [Auth] Token received (length: 839)
[2026-02-19T18:30:16.816Z] [Auth] Response Keys: token,user,expires,papeis
[2026-02-19T18:30:16.816Z] [Auth] Token received (length: 839)
[2026-02-19T18:32:42.302Z] [Auth] Response Keys: token,user,expires,papeis
[2026-02-19T18:32:42.302Z] [Auth] Token received (length: 839)
[2026-02-19T18:41:57.465Z] [Auth] Response Keys: token,user,expires,papeis
[2026-02-19T18:41:57.466Z] [Auth] Token received (length: 839)
[2026-02-19T19:34:14.366Z] [Auth] Response Keys: token,user,expires,papeis
[2026-02-19T19:34:14.366Z] [Auth] Token received (length: 839)
[2026-02-19T19:34:14.367Z] [API] Fetching: https://api.suporteleiloes.com.br/api/leiloes?page=1&limit=20&sortBy=dataProximoLeilao&descending=false&search=&status=0%2C1%2C2%2C3%2C4
[2026-02-19T19:34:17.337Z] [Auth] Response Keys: token,user,expires,papeis
[2026-02-19T19:34:17.338Z] [Auth] Token received (length: 839)
[2026-02-19T19:34:24.380Z] [Auth] Response Keys: token,user,expires,papeis
[2026-02-19T19:34:24.381Z] [Auth] Token received (length: 839)
[2026-02-19T19:34:24.682Z] [Auth] Response Keys: token,user,expires,papeis
[2026-02-19T19:34:24.683Z] [Auth] Token received (length: 839)
[2026-02-19T19:34:40.187Z] [Auth] Response Keys: token,user,expires,papeis
[2026-02-19T19:34:40.187Z] [Auth] Token received (length: 839)
[2026-02-19T19:34:40.188Z] [API] Fetching: https://api.suporteleiloes.com.br/api/leiloes?page=1&limit=20&sortBy=dataProximoLeilao&descending=false&search=&status=0%2C1%2C2%2C3%2C4
[2026-02-19T19:34:43.788Z] [Auth] Response Keys: token,user,expires,papeis
[2026-02-19T19:34:43.789Z] [Auth] Token received (length: 839)
[2026-02-19T19:34:47.214Z] [Auth] Response Keys: token,user,expires,papeis
[2026-02-19T19:34:47.215Z] [Auth] Token received (length: 839)
[2026-02-19T19:34:48.835Z] [Auth] Response Keys: token,user,expires,papeis
[2026-02-19T19:34:48.835Z] [Auth] Token received (length: 839)
[2026-02-19T19:36:17.206Z] [Auth] Response Keys: token,user,expires,papeis
[2026-02-19T19:36:17.206Z] [Auth] Token received (length: 839)
[2026-02-19T19:38:15.786Z] [Auth] Response Keys: token,user,expires,papeis
[2026-02-19T19:38:15.786Z] [Auth] Token received (length: 839)
[2026-02-19T19:38:36.522Z] [Auth] Response Keys: token,user,expires,papeis
[2026-02-19T19:38:36.523Z] [Auth] Token received (length: 839)
[2026-02-19T19:41:12.435Z] [Auth] Response Keys: token,user,expires,papeis
[2026-02-19T19:41:12.435Z] [Auth] Token received (length: 839)
[2026-02-19T19:41:50.440Z] [Auth] Response Keys: token,user,expires,papeis
[2026-02-19T19:41:50.441Z] [Auth] Token received (length: 839)
[2026-02-19T19:42:00.633Z] [Auth] Response Keys: token,user,expires,papeis
[2026-02-19T19:42:00.634Z] [Auth] Token received (length: 839)
[2026-02-19T19:42:09.777Z] [Auth] Response Keys: token,user,expires,papeis
[2026-02-19T19:42:09.778Z] [Auth] Token received (length: 839)
[2026-02-19T19:42:09.779Z] [API] Fetching: https://api.suporteleiloes.com.br/api/leiloes?page=1&limit=20&sortBy=dataProximoLeilao&descending=false&search=&status=0%2C1%2C2%2C3%2C4
[2026-02-19T19:42:10.104Z] [Auth] Response Keys: token,user,expires,papeis
[2026-02-19T19:42:10.104Z] [Auth] Token received (length: 839)
[2026-02-19T19:42:10.104Z] [API] Fetching: https://api.suporteleiloes.com.br/api/leiloes?page=1&limit=20&sortBy=dataProximoLeilao&descending=false&search=&status=0%2C1%2C2%2C3%2C4
[2026-02-19T19:42:17.455Z] [Auth] Response Keys: token,user,expires,papeis
[2026-02-19T19:42:17.456Z] [Auth] Token received (length: 839)
[2026-02-19T19:42:22.780Z] [Auth] Response Keys: token,user,expires,papeis
[2026-02-19T19:42:22.781Z] [Auth] Token received (length: 839)
[2026-02-19T19:42:24.448Z] [Auth] Response Keys: token,user,expires,papeis
[2026-02-19T19:42:24.448Z] [Auth] Token received (length: 839)
[2026-02-19T19:42:28.019Z] [Auth] Response Keys: token,user,expires,papeis
[2026-02-19T19:42:28.019Z] [Auth] Token received (length: 839)
[2026-02-19T19:42:38.646Z] [Auth] Response Keys: token,user,expires,papeis
[2026-02-19T19:42:38.647Z] [Auth] Token received (length: 839)
[2026-02-19T19:42:57.418Z] [Auth] Response Keys: token,user,expires,papeis
[2026-02-19T19:42:57.418Z] [Auth] Token received (length: 839)
[2026-02-19T19:43:05.772Z] [Auth] Response Keys: token,user,expires,papeis
[2026-02-19T19:43:05.773Z] [Auth] Token received (length: 839)
[2026-02-19T19:45:04.020Z] [Auth] Response Keys: token,user,expires,papeis
[2026-02-19T19:45:04.021Z] [Auth] Token received (length: 839)
[2026-02-19T19:48:34.915Z] [Auth] Response Keys: token,user,expires,papeis
[2026-02-19T19:48:34.916Z] [Auth] Token received (length: 839)
[2026-02-19T19:48:51.774Z] [Auth] Response Keys: token,user,expires,papeis
[2026-02-19T19:48:51.775Z] [Auth] Token received (length: 839)
[2026-02-19T19:49:02.309Z] [Auth] Response Keys: token,user,expires,papeis
[2026-02-19T19:49:02.310Z] [Auth] Token received (length: 839)
[2026-02-19T19:49:17.692Z] [Auth] Response Keys: token,user,expires,papeis
[2026-02-19T19:49:17.693Z] [Auth] Token received (length: 839)
[2026-02-19T19:49:17.693Z] [API] Fetching: https://api.suporteleiloes.com.br/api/leiloes?page=1&limit=20&sortBy=dataProximoLeilao&descending=false&search=&status=0%2C1%2C2%2C3%2C4
[2026-02-19T19:49:18.625Z] [Auth] Response Keys: token,user,expires,papeis
[2026-02-19T19:49:18.625Z] [Auth] Token received (length: 839)
[2026-02-19T19:49:30.741Z] [Auth] Response Keys: token,user,expires,papeis
[2026-02-19T19:49:30.742Z] [Auth] Token received (length: 839)
[2026-02-19T19:49:33.533Z] [Auth] Response Keys: token,user,expires,papeis
[2026-02-19T19:49:33.534Z] [Auth] Token received (length: 839)
[2026-02-19T19:50:04.977Z] [Auth] Response Keys: token,user,expires,papeis
[2026-02-19T19:50:04.978Z] [Auth] Token received (length: 839)
[2026-02-19T19:50:18.264Z] [Auth] Response Keys: token,user,expires,papeis
[2026-02-19T19:50:18.264Z] [Auth] Token received (length: 839)
[2026-02-19T19:50:23.598Z] [Auth] Response Keys: token,user,expires,papeis
[2026-02-19T19:50:23.599Z] [Auth] Token received (length: 839)
[2026-02-19T19:51:10.633Z] [Auth] Response Keys: token,user,expires,papeis
[2026-02-19T19:51:10.633Z] [Auth] Token received (length: 839)
[2026-02-19T19:51:16.800Z] [Auth] Response Keys: token,user,expires,papeis
[2026-02-19T19:51:16.800Z] [Auth] Token received (length: 839)
[2026-02-19T19:51:25.668Z] [Auth] Response Keys: token,user,expires,papeis
[2026-02-19T19:51:25.668Z] [Auth] Token received (length: 839)
[2026-02-19T19:51:32.426Z] [Auth] Response Keys: token,user,expires,papeis
[2026-02-19T19:51:32.426Z] [Auth] Token received (length: 839)
[2026-02-19T19:51:34.949Z] [Auth] Response Keys: token,user,expires,papeis
[2026-02-19T19:51:34.949Z] [Auth] Token received (length: 839)
[2026-02-19T19:51:34.950Z] [API] Fetching: https://api.suporteleiloes.com.br/api/leiloes?page=1&limit=20&sortBy=dataProximoLeilao&descending=false&search=&status=0%2C1%2C2%2C3%2C4
[2026-02-19T19:51:36.561Z] [Auth] Response Keys: token,user,expires,papeis
[2026-02-19T19:51:36.562Z] [Auth] Token received (length: 839)
[2026-02-19T19:51:40.950Z] [Auth] Response Keys: token,user,expires,papeis
[2026-02-19T19:51:40.950Z] [Auth] Token received (length: 839)
[2026-02-19T19:51:42.105Z] [Auth] Response Keys: token,user,expires,papeis
[2026-02-19T19:51:42.105Z] [Auth] Token received (length: 839)
[2026-02-19T19:52:02.454Z] [Auth] Response Keys: token,user,expires,papeis
[2026-02-19T19:52:02.454Z] [Auth] Token received (length: 839)
[2026-02-19T19:52:18.027Z] [Auth] Response Keys: token,user,expires,papeis
[2026-02-19T19:52:18.027Z] [Auth] Token received (length: 839)
[2026-02-19T19:57:00.855Z] [Auth] Response Keys: token,user,expires,papeis
[2026-02-19T19:57:00.856Z] [Auth] Token received (length: 839)
[2026-02-19T19:57:12.368Z] [Auth] Response Keys: token,user,expires,papeis
[2026-02-19T19:57:12.369Z] [Auth] Token received (length: 839)
[2026-02-19T19:57:42.659Z] [Auth] Response Keys: token,user,expires,papeis
[2026-02-19T19:57:42.660Z] [Auth] Token received (length: 839)
[2026-02-19T19:59:06.568Z] [Auth] Response Keys: token,user,expires,papeis
[2026-02-19T19:59:06.568Z] [Auth] Token received (length: 839)
[2026-02-19T19:59:07.304Z] [Auth] Response Keys: token,user,expires,papeis
[2026-02-19T19:59:07.304Z] [Auth] Token received (length: 839)
[2026-02-19T19:59:07.305Z] [API] Fetching: https://api.suporteleiloes.com.br/api/leiloes?page=1&limit=20&sortBy=dataProximoLeilao&descending=false&search=&status=0%2C1%2C2%2C3%2C4
[2026-02-19T19:59:12.104Z] [Auth] Response Keys: token,user,expires,papeis
[2026-02-19T19:59:12.105Z] [Auth] Token received (length: 839)
[2026-02-19T19:59:15.907Z] [Auth] Response Keys: token,user,expires,papeis
[2026-02-19T19:59:15.908Z] [Auth] Token received (length: 839)
[2026-02-19T19:59:17.808Z] [Auth] Response Keys: token,user,expires,papeis
[2026-02-19T19:59:17.808Z] [Auth] Token received (length: 839)
[2026-02-19T19:59:46.237Z] [Auth] Response Keys: token,user,expires,papeis
[2026-02-19T19:59:46.238Z] [Auth] Token received (length: 839)
[2026-02-19T20:00:21.785Z] [Auth] Response Keys: token,user,expires,papeis
[2026-02-19T20:00:21.785Z] [Auth] Token received (length: 839)
[2026-02-19T20:00:55.470Z] [Auth] Response Keys: token,user,expires,papeis
[2026-02-19T20:00:55.471Z] [Auth] Token received (length: 839)
[2026-02-19T22:47:58.446Z] [Auth] Response Keys: token,user,expires,papeis
[2026-02-19T22:47:58.446Z] [Auth] Token received (length: 839)
[2026-02-19T22:47:58.446Z] [API] Fetching: https://api.suporteleiloes.com.br/api/leiloes?page=1&limit=20&sortBy=dataProximoLeilao&descending=false&search=&status=0%2C1%2C2%2C3%2C4
[2026-02-19T22:48:08.242Z] [Auth] Response Keys: token,user,expires,papeis
[2026-02-19T22:48:08.242Z] [Auth] Token received (length: 839)
[2026-02-19T22:48:08.586Z] [Auth] Response Keys: token,user,expires,papeis
[2026-02-19T22:48:08.587Z] [Auth] Token received (length: 839)
[2026-02-19T22:48:12.352Z] [Auth] Response Keys: token,user,expires,papeis
[2026-02-19T22:48:12.352Z] [Auth] Token received (length: 839)
[2026-02-19T22:48:16.362Z] [Auth] Response Keys: token,user,expires,papeis
[2026-02-19T22:48:16.363Z] [Auth] Token received (length: 839)
[2026-02-19T22:48:17.919Z] [Auth] Response Keys: token,user,expires,papeis
[2026-02-19T22:48:17.919Z] [Auth] Token received (length: 839)
[2026-02-19T22:48:20.072Z] [Auth] Response Keys: token,user,expires,papeis
[2026-02-19T22:48:20.073Z] [Auth] Token received (length: 839)
[2026-02-19T22:48:24.761Z] [Auth] Response Keys: token,user,expires,papeis
[2026-02-19T22:48:24.761Z] [Auth] Token received (length: 839)
[2026-02-19T22:48:26.002Z] [Auth] Response Keys: token,user,expires,papeis
[2026-02-19T22:48:26.002Z] [Auth] Token received (length: 839)
[2026-02-19T22:48:28.544Z] [Auth] Response Keys: token,user,expires,papeis
[2026-02-19T22:48:28.545Z] [Auth] Token received (length: 839)
[2026-02-19T22:48:30.548Z] [Auth] Response Keys: token,user,expires,papeis
[2026-02-19T22:48:30.548Z] [Auth] Token received (length: 839)
[2026-02-19T22:48:33.056Z] [Auth] Response Keys: token,user,expires,papeis
[2026-02-19T22:48:33.057Z] [Auth] Token received (length: 839)
[2026-02-19T22:48:40.860Z] [Auth] Response Keys: token,user,expires,papeis
[2026-02-19T22:48:40.861Z] [Auth] Token received (length: 839)
[2026-02-19T22:48:41.660Z] [Auth] Response Keys: token,user,expires,papeis
[2026-02-19T22:48:41.661Z] [Auth] Token received (length: 839)
[2026-02-19T22:49:57.541Z] [Auth] Response Keys: token,user,expires,papeis
[2026-02-19T22:49:57.542Z] [Auth] Token received (length: 839)
[2026-02-19T22:50:02.141Z] [Auth] Response Keys: token,user,expires,papeis
[2026-02-19T22:50:02.141Z] [Auth] Token received (length: 839)
[2026-02-19T22:50:03.645Z] [Auth] Response Keys: token,user,expires,papeis
[2026-02-19T22:50:03.645Z] [Auth] Token received (length: 839)
[2026-02-19T22:50:04.990Z] [Auth] Response Keys: token,user,expires,papeis
[2026-02-19T22:50:04.991Z] [Auth] Token received (length: 839)
[2026-02-19T22:50:06.423Z] [Auth] Response Keys: token,user,expires,papeis
[2026-02-19T22:50:06.424Z] [Auth] Token received (length: 839)
[2026-02-19T22:50:11.635Z] [Auth] Response Keys: token,user,expires,papeis
[2026-02-19T22:50:11.635Z] [Auth] Token received (length: 839)
[2026-02-19T22:50:12.915Z] [Auth] Response Keys: token,user,expires,papeis
[2026-02-19T22:50:12.915Z] [Auth] Token received (length: 839)
[2026-02-19T22:50:21.298Z] [Auth] Response Keys: token,user,expires,papeis
[2026-02-19T22:50:21.298Z] [Auth] Token received (length: 839)
[2026-02-19T22:58:39.267Z] [Auth] Response Keys: token,user,expires,papeis
[2026-02-19T22:58:39.268Z] [Auth] Token received (length: 839)
[2026-02-19T22:58:44.198Z] [Auth] Response Keys: token,user,expires,papeis
[2026-02-19T22:58:44.199Z] [Auth] Token received (length: 839)
[2026-02-19T22:58:47.329Z] [Auth] Response Keys: token,user,expires,papeis
[2026-02-19T22:58:47.329Z] [Auth] Token received (length: 839)
[2026-02-19T23:01:44.682Z] [Auth] Response Keys: token,user,expires,papeis
[2026-02-19T23:01:44.682Z] [Auth] Token received (length: 839)
[2026-02-19T23:03:02.663Z] [Auth] Response Keys: token,user,expires,papeis
[2026-02-19T23:03:02.664Z] [Auth] Token received (length: 839)
[2026-02-19T23:03:07.342Z] [Auth] Response Keys: token,user,expires,papeis
[2026-02-19T23:03:07.342Z] [Auth] Token received (length: 839)
[2026-02-19T23:03:08.596Z] [Auth] Response Keys: token,user,expires,papeis
[2026-02-19T23:03:08.596Z] [Auth] Token received (length: 839)
[2026-02-19T23:03:35.999Z] [Auth] Response Keys: token,user,expires,papeis
[2026-02-19T23:03:35.999Z] [Auth] Token received (length: 839)
[2026-02-19T23:10:58.947Z] [Auth] Response Keys: token,user,expires,papeis
[2026-02-19T23:10:58.947Z] [Auth] Token received (length: 839)
[2026-02-19T23:14:46.118Z] [Auth] Response Keys: token,user,expires,papeis
[2026-02-19T23:14:46.118Z] [Auth] Token received (length: 839)
[2026-02-19T23:18:31.095Z] [Auth] Response Keys: token,user,expires,papeis
[2026-02-19T23:18:31.095Z] [Auth] Token received (length: 839)
[2026-02-19T23:18:34.164Z] [Auth] Response Keys: token,user,expires,papeis
[2026-02-19T23:18:34.164Z] [Auth] Token received (length: 839)
[2026-02-19T23:18:37.113Z] [Auth] Response Keys: token,user,expires,papeis
[2026-02-19T23:18:37.113Z] [Auth] Token received (length: 839)
[2026-02-19T23:18:49.588Z] [Auth] Response Keys: token,user,expires,papeis
[2026-02-19T23:18:49.588Z] [Auth] Token received (length: 839)
[2026-02-19T23:18:58.474Z] [Auth] Response Keys: token,user,expires,papeis
[2026-02-19T23:18:58.474Z] [Auth] Token received (length: 839)
[2026-02-19T23:19:01.016Z] [Auth] Response Keys: token,user,expires,papeis
[2026-02-19T23:19:01.017Z] [Auth] Token received (length: 839)
[2026-02-19T23:19:02.059Z] [Auth] Response Keys: token,user,expires,papeis
[2026-02-19T23:19:02.059Z] [Auth] Token received (length: 839)
[2026-02-19T23:19:45.037Z] [Auth] Response Keys: token,user,expires,papeis
[2026-02-19T23:19:45.037Z] [Auth] Token received (length: 839)
[2026-02-19T23:23:37.973Z] [Auth] Response Keys: token,user,expires,papeis
[2026-02-19T23:23:37.973Z] [Auth] Token received (length: 839)
[2026-02-19T23:23:57.057Z] [Auth] Response Keys: token,user,expires,papeis
[2026-02-19T23:23:57.058Z] [Auth] Token received (length: 839)
[2026-02-19T23:24:03.713Z] [Auth] Response Keys: token,user,expires,papeis
[2026-02-19T23:24:03.713Z] [Auth] Token received (length: 839)
[2026-02-19T23:24:20.863Z] [Auth] Response Keys: token,user,expires,papeis
[2026-02-19T23:24:20.864Z] [Auth] Token received (length: 839)
[2026-02-19T23:28:39.289Z] [Auth] Response Keys: token,user,expires,papeis
[2026-02-19T23:28:39.290Z] [Auth] Token received (length: 839)
[2026-02-19T23:28:40.416Z] [Auth] Response Keys: token,user,expires,papeis
[2026-02-19T23:28:40.416Z] [Auth] Token received (length: 839)
[2026-02-19T23:28:44.760Z] [Auth] Response Keys: token,user,expires,papeis
[2026-02-19T23:28:44.761Z] [Auth] Token received (length: 839)
[2026-02-19T23:29:00.747Z] [Auth] Response Keys: token,user,expires,papeis
[2026-02-19T23:29:00.747Z] [Auth] Token received (length: 839)
[2026-02-19T23:29:00.747Z] [API] Fetching: https://api.suporteleiloes.com.br/api/leiloes?page=1&limit=20&sortBy=dataProximoLeilao&descending=false&search=&status=0%2C1%2C2%2C3%2C4
[2026-02-19T23:29:07.715Z] [Auth] Response Keys: token,user,expires,papeis
[2026-02-19T23:29:07.715Z] [Auth] Token received (length: 839)
[2026-02-19T23:29:11.791Z] [Auth] Response Keys: token,user,expires,papeis
[2026-02-19T23:29:11.791Z] [Auth] Token received (length: 839)
[2026-02-19T23:29:22.463Z] [Auth] Response Keys: token,user,expires,papeis
[2026-02-19T23:29:22.463Z] [Auth] Token received (length: 839)
[2026-02-19T23:29:35.979Z] [Auth] Response Keys: token,user,expires,papeis
[2026-02-19T23:29:35.979Z] [Auth] Token received (length: 839)
[2026-02-19T23:29:44.696Z] [Auth] Response Keys: token,user,expires,papeis
[2026-02-19T23:29:44.696Z] [Auth] Token received (length: 839)
[2026-02-19T23:29:51.971Z] [Auth] Response Keys: token,user,expires,papeis
[2026-02-19T23:29:51.971Z] [Auth] Token received (length: 839)
[2026-02-19T23:29:56.127Z] [Auth] Response Keys: token,user,expires,papeis
[2026-02-19T23:29:56.127Z] [Auth] Token received (length: 839)
[2026-02-19T23:30:01.291Z] [Auth] Response Keys: token,user,expires,papeis
[2026-02-19T23:30:01.291Z] [Auth] Token received (length: 839)
[2026-02-19T23:30:10.295Z] [Auth] Response Keys: token,user,expires,papeis
[2026-02-19T23:30:10.296Z] [Auth] Token received (length: 839)
[2026-02-19T23:30:34.943Z] [Auth] Response Keys: token,user,expires,papeis
[2026-02-19T23:30:34.943Z] [Auth] Token received (length: 839)
[2026-02-19T23:30:37.981Z] [Auth] Response Keys: token,user,expires,papeis
[2026-02-19T23:30:37.981Z] [Auth] Token received (length: 839)
[2026-02-19T23:30:42.744Z] [Auth] Response Keys: token,user,expires,papeis
[2026-02-19T23:30:42.744Z] [Auth] Token received (length: 839)
[2026-02-19T23:30:50.614Z] [Auth] Response Keys: token,user,expires,papeis
[2026-02-19T23:30:50.614Z] [Auth] Token received (length: 839)
[2026-02-19T23:30:56.545Z] [Auth] Response Keys: token,user,expires,papeis
[2026-02-19T23:30:56.545Z] [Auth] Token received (length: 839)
[2026-02-19T23:30:59.126Z] [Auth] Response Keys: token,user,expires,papeis
[2026-02-19T23:30:59.126Z] [Auth] Token received (length: 839)
[2026-02-19T23:31:05.205Z] [Auth] Response Keys: token,user,expires,papeis
[2026-02-19T23:31:05.205Z] [Auth] Token received (length: 839)
[2026-02-19T23:31:40.016Z] [Auth] Response Keys: token,user,expires,papeis
[2026-02-19T23:31:40.016Z] [Auth] Token received (length: 839)
[2026-02-19T23:32:06.947Z] [Auth] Response Keys: token,user,expires,papeis
[2026-02-19T23:32:06.947Z] [Auth] Token received (length: 839)
[2026-02-19T23:32:13.298Z] [Auth] Response Keys: token,user,expires,papeis
[2026-02-19T23:32:13.299Z] [Auth] Token received (length: 839)
[2026-02-19T23:32:53.361Z] [Auth] Response Keys: token,user,expires,papeis
[2026-02-19T23:32:53.362Z] [Auth] Token received (length: 839)
[2026-02-19T23:32:57.085Z] [Auth] Response Keys: token,user,expires,papeis
[2026-02-19T23:32:57.085Z] [Auth] Token received (length: 839)
[2026-02-19T23:33:03.682Z] [Auth] Response Keys: token,user,expires,papeis
[2026-02-19T23:33:03.682Z] [Auth] Token received (length: 839)
[2026-02-19T23:33:06.237Z] [Auth] Response Keys: token,user,expires,papeis
[2026-02-19T23:33:06.238Z] [Auth] Token received (length: 839)
[2026-02-19T23:33:15.211Z] [Auth] Response Keys: token,user,expires,papeis
[2026-02-19T23:33:15.212Z] [Auth] Token received (length: 839)
[2026-02-19T23:33:39.359Z] [Auth] Response Keys: token,user,expires,papeis
[2026-02-19T23:33:39.359Z] [Auth] Token received (length: 839)
[2026-02-19T23:33:42.193Z] [Auth] Response Keys: token,user,expires,papeis
[2026-02-19T23:33:42.193Z] [Auth] Token received (length: 839)
[2026-02-19T23:33:49.621Z] [Auth] Response Keys: token,user,expires,papeis
[2026-02-19T23:33:49.621Z] [Auth] Token received (length: 839)
[2026-02-20T00:26:27.328Z] [Auth] Response Keys: token,user,expires,papeis
[2026-02-20T00:26:27.328Z] [Auth] Token received (length: 839)
[2026-02-20T00:26:27.328Z] [API] Fetching: https://api.suporteleiloes.com.br/api/leiloes?page=1&limit=20&sortBy=dataProximoLeilao&descending=false&search=&status=0%2C1%2C2%2C3%2C4
[2026-02-20T00:26:29.531Z] [Auth] Response Keys: token,user,expires,papeis
[2026-02-20T00:26:29.531Z] [Auth] Token received (length: 839)
[2026-02-20T00:26:51.705Z] [Auth] Response Keys: token,user,expires,papeis
[2026-02-20T00:26:51.705Z] [Auth] Token received (length: 839)
[2026-02-20T00:29:17.663Z] [Auth] Response Keys: token,user,expires,papeis
[2026-02-20T00:29:17.663Z] [Auth] Token received (length: 839)
[2026-02-20T00:29:31.495Z] [Auth] Response Keys: token,user,expires,papeis
[2026-02-20T00:29:31.495Z] [Auth] Token received (length: 839)
[2026-02-20T00:30:37.327Z] [Auth] Response Keys: token,user,expires,papeis
[2026-02-20T00:30:37.327Z] [Auth] Token received (length: 839)
[2026-02-20T00:30:54.188Z] [Auth] Response Keys: token,user,expires,papeis
[2026-02-20T00:30:54.188Z] [Auth] Token received (length: 839)
[2026-02-20T00:30:54.188Z] [API] Fetching: https://api.suporteleiloes.com.br/api/leiloes?page=1&limit=20&sortBy=dataProximoLeilao&descending=false&search=&status=0%2C1%2C2%2C3%2C4
[2026-02-20T00:32:23.190Z] [Auth] Response Keys: token,user,expires,papeis
[2026-02-20T00:32:23.190Z] [Auth] Token received (length: 839)
[2026-02-20T00:32:23.191Z] [API] Fetching: https://api.suporteleiloes.com.br/api/leiloes?page=1&limit=20&sortBy=dataProximoLeilao&descending=false&search=&status=0%2C1%2C2%2C3%2C4
[2026-02-20T00:32:24.596Z] [Auth] Response Keys: token,user,expires,papeis
[2026-02-20T00:32:24.596Z] [Auth] Token received (length: 839)
[2026-02-20T00:32:24.596Z] [API] Fetching: https://api.suporteleiloes.com.br/api/leiloes?page=1&limit=20&sortBy=dataProximoLeilao&descending=false&search=&status=0%2C1%2C2%2C3%2C4
[2026-02-20T00:32:26.867Z] [Auth] Response Keys: token,user,expires,papeis
[2026-02-20T00:32:26.867Z] [Auth] Token received (length: 839)
[2026-02-20T00:32:35.997Z] [Auth] Response Keys: token,user,expires,papeis
[2026-02-20T00:32:35.997Z] [Auth] Token received (length: 839)
[2026-02-20T00:32:39.701Z] [Auth] Response Keys: token,user,expires,papeis
[2026-02-20T00:32:39.701Z] [Auth] Token received (length: 839)
[2026-02-20T00:32:40.575Z] [Auth] Response Keys: token,user,expires,papeis
[2026-02-20T00:32:40.575Z] [Auth] Token received (length: 839)
[2026-02-20T00:32:43.998Z] [Auth] Response Keys: token,user,expires,papeis
[2026-02-20T00:32:43.998Z] [Auth] Token received (length: 839)
[2026-02-20T00:32:47.979Z] [Auth] Response Keys: token,user,expires,papeis
[2026-02-20T00:32:47.979Z] [Auth] Token received (length: 839)
[2026-02-20T00:32:55.625Z] [Auth] Response Keys: token,user,expires,papeis
[2026-02-20T00:32:55.625Z] [Auth] Token received (length: 839)
[2026-02-20T00:32:56.649Z] [Auth] Response Keys: token,user,expires,papeis
[2026-02-20T00:32:56.649Z] [Auth] Token received (length: 839)
[2026-02-20T00:33:19.096Z] [Auth] Response Keys: token,user,expires,papeis
[2026-02-20T00:33:19.097Z] [Auth] Token received (length: 839)
[2026-02-20T00:34:39.963Z] [Auth] Response Keys: token,user,expires,papeis
[2026-02-20T00:34:39.963Z] [Auth] Token received (length: 839)
[2026-02-20T00:34:45.477Z] [Auth] Response Keys: token,user,expires,papeis
[2026-02-20T00:34:45.478Z] [Auth] Token received (length: 839)
[2026-02-20T00:49:03.561Z] [Auth] Response Keys: token,user,expires,papeis
[2026-02-20T00:49:03.562Z] [Auth] Token received (length: 839)
[2026-02-20T00:49:43.319Z] [Auth] Response Keys: token,user,expires,papeis
[2026-02-20T00:49:43.319Z] [Auth] Token received (length: 839)
[2026-02-20T00:50:00.631Z] [Auth] Response Keys: token,user,expires,papeis
[2026-02-20T00:50:00.631Z] [Auth] Token received (length: 839)
[2026-02-20T00:50:04.014Z] [Auth] Response Keys: token,user,expires,papeis
[2026-02-20T00:50:04.014Z] [Auth] Token received (length: 839)
[2026-02-20T00:50:09.629Z] [Auth] Response Keys: token,user,expires,papeis
[2026-02-20T00:50:09.630Z] [Auth] Token received (length: 839)
[2026-02-20T00:50:13.047Z] [Auth] Response Keys: token,user,expires,papeis
[2026-02-20T00:50:13.048Z] [Auth] Token received (length: 839)
[2026-02-20T00:50:15.681Z] [Auth] Response Keys: token,user,expires,papeis
[2026-02-20T00:50:15.681Z] [Auth] Token received (length: 839)
[2026-02-20T00:50:17.214Z] [Auth] Response Keys: token,user,expires,papeis
[2026-02-20T00:50:17.214Z] [Auth] Token received (length: 839)
[2026-02-20T00:50:19.262Z] [Auth] Response Keys: token,user,expires,papeis
[2026-02-20T00:50:19.262Z] [Auth] Token received (length: 839)
[2026-02-20T00:50:29.905Z] [Auth] Response Keys: token,user,expires,papeis
[2026-02-20T00:50:29.905Z] [Auth] Token received (length: 839)
[2026-02-20T00:50:36.842Z] [Auth] Response Keys: token,user,expires,papeis
[2026-02-20T00:50:36.842Z] [Auth] Token received (length: 839)
[2026-02-20T00:51:16.333Z] [Auth] Response Keys: token,user,expires,papeis
[2026-02-20T00:51:16.334Z] [Auth] Token received (length: 839)
[2026-02-20T00:51:26.729Z] [Auth] Response Keys: token,user,expires,papeis
[2026-02-20T00:51:26.730Z] [Auth] Token received (length: 839)
[2026-02-20T00:51:44.826Z] [Auth] Response Keys: token,user,expires,papeis
[2026-02-20T00:51:44.826Z] [Auth] Token received (length: 839)
[2026-02-20T00:52:04.101Z] [Auth] Response Keys: token,user,expires,papeis
[2026-02-20T00:52:04.102Z] [Auth] Token received (length: 839)
[2026-02-20T00:52:17.599Z] [Auth] Response Keys: token,user,expires,papeis
[2026-02-20T00:52:17.600Z] [Auth] Token received (length: 839)
[2026-02-20T00:52:20.839Z] [Auth] Response Keys: token,user,expires,papeis
[2026-02-20T00:52:20.839Z] [Auth] Token received (length: 839)
[2026-02-20T00:52:27.306Z] [Auth] Response Keys: token,user,expires,papeis
[2026-02-20T00:52:27.306Z] [Auth] Token received (length: 839)
[2026-02-20T00:52:36.369Z] [Auth] Response Keys: token,user,expires,papeis
[2026-02-20T00:52:36.370Z] [Auth] Token received (length: 839)
[2026-02-20T00:53:15.001Z] [Auth] Response Keys: token,user,expires,papeis
[2026-02-20T00:53:15.002Z] [Auth] Token received (length: 839)
[2026-02-20T00:53:23.437Z] [Auth] Response Keys: token,user,expires,papeis
[2026-02-20T00:53:23.437Z] [Auth] Token received (length: 839)
[2026-02-20T00:53:29.496Z] [Auth] Response Keys: token,user,expires,papeis
[2026-02-20T00:53:29.496Z] [Auth] Token received (length: 839)
[2026-02-20T00:53:59.695Z] [Auth] Response Keys: token,user,expires,papeis
[2026-02-20T00:53:59.695Z] [Auth] Token received (length: 839)
[2026-02-20T00:54:02.661Z] [Auth] Response Keys: token,user,expires,papeis
[2026-02-20T00:54:02.662Z] [Auth] Token received (length: 839)
[2026-02-20T00:54:09.684Z] [Auth] Response Keys: token,user,expires,papeis
[2026-02-20T00:54:09.684Z] [Auth] Token received (length: 839)
[2026-02-20T00:54:19.191Z] [Auth] Response Keys: token,user,expires,papeis
[2026-02-20T00:54:19.191Z] [Auth] Token received (length: 839)
[2026-02-20T00:54:21.072Z] [Auth] Response Keys: token,user,expires,papeis
[2026-02-20T00:54:21.072Z] [Auth] Token received (length: 839)
[2026-02-20T00:54:21.073Z] [API] Fetching: https://api.suporteleiloes.com.br/api/leiloes?page=1&limit=20&sortBy=dataProximoLeilao&descending=false&search=&status=0%2C1%2C2%2C3%2C4
[2026-02-20T00:54:23.551Z] [Auth] Response Keys: token,user,expires,papeis
[2026-02-20T00:54:23.551Z] [Auth] Token received (length: 839)
[2026-02-20T00:54:25.105Z] [Auth] Response Keys: token,user,expires,papeis
[2026-02-20T00:54:25.105Z] [Auth] Token received (length: 839)
[2026-02-20T00:55:28.623Z] [Auth] Response Keys: token,user,expires,papeis
[2026-02-20T00:55:28.623Z] [Auth] Token received (length: 839)
[2026-02-20T00:55:33.892Z] [Auth] Response Keys: token,user,expires,papeis
[2026-02-20T00:55:33.893Z] [Auth] Token received (length: 839)
[2026-02-20T00:55:56.146Z] [Auth] Response Keys: token,user,expires,papeis
[2026-02-20T00:55:56.146Z] [Auth] Token received (length: 839)
[2026-02-20T00:56:00.311Z] [Auth] Response Keys: token,user,expires,papeis
[2026-02-20T00:56:00.312Z] [Auth] Token received (length: 839)
[2026-02-20T00:57:07.526Z] [Auth] Response Keys: token,user,expires,papeis
[2026-02-20T00:57:07.526Z] [Auth] Token received (length: 839)
[2026-02-20T00:57:35.340Z] [Auth] Response Keys: token,user,expires,papeis
[2026-02-20T00:57:35.341Z] [Auth] Token received (length: 839)
[2026-02-20T00:57:51.605Z] [Auth] Response Keys: token,user,expires,papeis
[2026-02-20T00:57:51.605Z] [Auth] Token received (length: 839)
[2026-02-20T00:57:59.332Z] [Auth] Response Keys: token,user,expires,papeis
[2026-02-20T00:57:59.333Z] [Auth] Token received (length: 839)
[2026-02-20T00:58:03.436Z] [Auth] Response Keys: token,user,expires,papeis
[2026-02-20T00:58:03.436Z] [Auth] Token received (length: 839)
[2026-02-20T00:58:12.167Z] [Auth] Response Keys: token,user,expires,papeis
[2026-02-20T00:58:12.167Z] [Auth] Token received (length: 839)
[2026-02-20T00:58:36.061Z] [Auth] Response Keys: token,user,expires,papeis
[2026-02-20T00:58:36.061Z] [Auth] Token received (length: 839)
[2026-02-20T01:00:45.283Z] [Auth] Response Keys: token,user,expires,papeis
[2026-02-20T01:00:45.284Z] [Auth] Token received (length: 839)
[2026-02-20T01:00:52.619Z] [Auth] Response Keys: token,user,expires,papeis
[2026-02-20T01:00:52.620Z] [Auth] Token received (length: 839)
[2026-02-20T01:01:00.298Z] [Auth] Response Keys: token,user,expires,papeis
[2026-02-20T01:01:00.298Z] [Auth] Token received (length: 839)
[2026-02-20T01:01:04.847Z] [Auth] Response Keys: token,user,expires,papeis
[2026-02-20T01:01:04.847Z] [Auth] Token received (length: 839)
[2026-02-20T01:01:13.306Z] [Auth] Response Keys: token,user,expires,papeis
[2026-02-20T01:01:13.306Z] [Auth] Token received (length: 839)
[2026-02-20T01:01:14.382Z] [Auth] Response Keys: token,user,expires,papeis
[2026-02-20T01:01:14.382Z] [Auth] Token received (length: 839)
[2026-02-20T01:01:33.165Z] [Auth] Response Keys: token,user,expires,papeis
[2026-02-20T01:01:33.166Z] [Auth] Token received (length: 839)
[2026-02-20T01:01:55.611Z] [Auth] Response Keys: token,user,expires,papeis
[2026-02-20T01:01:55.611Z] [Auth] Token received (length: 839)
[2026-02-20T01:01:59.365Z] [Auth] Response Keys: token,user,expires,papeis
[2026-02-20T01:01:59.366Z] [Auth] Token received (length: 839)
[2026-02-20T01:02:08.625Z] [Auth] Response Keys: token,user,expires,papeis
[2026-02-20T01:02:08.626Z] [Auth] Token received (length: 839)
[2026-02-20T01:02:16.165Z] [Auth] Response Keys: token,user,expires,papeis
[2026-02-20T01:02:16.166Z] [Auth] Token received (length: 839)
[2026-02-20T01:02:43.244Z] [Auth] Response Keys: token,user,expires,papeis
[2026-02-20T01:02:43.245Z] [Auth] Token received (length: 839)
[2026-02-20T01:02:48.572Z] [Auth] Response Keys: token,user,expires,papeis
[2026-02-20T01:02:48.572Z] [Auth] Token received (length: 839)
[2026-02-20T01:03:00.834Z] [Auth] Response Keys: token,user,expires,papeis
[2026-02-20T01:03:00.834Z] [Auth] Token received (length: 839)
[2026-02-20T01:03:13.767Z] [Auth] Response Keys: token,user,expires,papeis
[2026-02-20T01:03:13.767Z] [Auth] Token received (length: 839)
[2026-02-20T01:03:21.220Z] [Auth] Response Keys: token,user,expires,papeis
[2026-02-20T01:03:21.221Z] [Auth] Token received (length: 839)
[2026-02-20T01:03:28.727Z] [Auth] Response Keys: token,user,expires,papeis
[2026-02-20T01:03:28.727Z] [Auth] Token received (length: 839)
[2026-02-20T01:04:04.617Z] [Auth] Response Keys: token,user,expires,papeis
[2026-02-20T01:04:04.617Z] [Auth] Token received (length: 839)
[2026-02-20T01:04:14.736Z] [Auth] Response Keys: token,user,expires,papeis
[2026-02-20T01:04:14.736Z] [Auth] Token received (length: 839)
[2026-02-20T01:05:50.141Z] [Auth] Response Keys: token,user,expires,papeis
[2026-02-20T01:05:50.141Z] [Auth] Token received (length: 839)
[2026-02-20T01:06:02.254Z] [Auth] Response Keys: token,user,expires,papeis
[2026-02-20T01:06:02.254Z] [Auth] Token received (length: 839)
[2026-02-20T01:06:08.247Z] [Auth] Response Keys: token,user,expires,papeis
[2026-02-20T01:06:08.247Z] [Auth] Token received (length: 839)
[2026-02-20T01:06:24.415Z] [Auth] Response Keys: token,user,expires,papeis
[2026-02-20T01:06:24.415Z] [Auth] Token received (length: 839)
[2026-02-20T01:06:54.736Z] [Auth] Response Keys: token,user,expires,papeis
[2026-02-20T01:06:54.737Z] [Auth] Token received (length: 839)
[2026-02-20T01:07:39.009Z] [Auth] Response Keys: token,user,expires,papeis
[2026-02-20T01:07:39.009Z] [Auth] Token received (length: 839)
[2026-02-20T01:07:46.574Z] [Auth] Response Keys: token,user,expires,papeis
[2026-02-20T01:07:46.574Z] [Auth] Token received (length: 839)
[2026-02-20T01:07:57.615Z] [Auth] Response Keys: token,user,expires,papeis
[2026-02-20T01:07:57.615Z] [Auth] Token received (length: 839)
[2026-02-20T01:08:31.267Z] [Auth] Response Keys: token,user,expires,papeis
[2026-02-20T01:08:31.267Z] [Auth] Token received (length: 839)
[2026-02-20T01:08:55.151Z] [Auth] Response Keys: token,user,expires,papeis
[2026-02-20T01:08:55.151Z] [Auth] Token received (length: 839)
[2026-02-20T01:09:00.454Z] [Auth] Response Keys: token,user,expires,papeis
[2026-02-20T01:09:00.455Z] [Auth] Token received (length: 839)
[2026-02-20T01:09:11.953Z] [Auth] Response Keys: token,user,expires,papeis
[2026-02-20T01:09:11.953Z] [Auth] Token received (length: 839)
[2026-02-20T01:09:19.724Z] [Auth] Response Keys: token,user,expires,papeis
[2026-02-20T01:09:19.724Z] [Auth] Token received (length: 839)
[2026-02-20T01:09:29.429Z] [Auth] Response Keys: token,user,expires,papeis
[2026-02-20T01:09:29.429Z] [Auth] Token received (length: 839)
[2026-02-20T01:09:37.058Z] [Auth] Response Keys: token,user,expires,papeis
[2026-02-20T01:09:37.058Z] [Auth] Token received (length: 839)
[2026-02-20T01:09:46.205Z] [Auth] Response Keys: token,user,expires,papeis
[2026-02-20T01:09:46.205Z] [Auth] Token received (length: 839)
[2026-02-20T01:09:54.578Z] [Auth] Response Keys: token,user,expires,papeis
[2026-02-20T01:09:54.579Z] [Auth] Token received (length: 839)
[2026-02-20T01:10:05.969Z] [Auth] Response Keys: token,user,expires,papeis
[2026-02-20T01:10:05.970Z] [Auth] Token received (length: 839)
[2026-02-20T01:10:23.192Z] [Auth] Response Keys: token,user,expires,papeis
[2026-02-20T01:10:23.192Z] [Auth] Token received (length: 839)
[2026-02-20T01:10:33.073Z] [Auth] Response Keys: token,user,expires,papeis
[2026-02-20T01:10:33.074Z] [Auth] Token received (length: 839)
[2026-02-20T01:10:51.107Z] [Auth] Response Keys: token,user,expires,papeis
[2026-02-20T01:10:51.107Z] [Auth] Token received (length: 839)
[2026-02-20T01:11:06.300Z] [Auth] Response Keys: token,user,expires,papeis
[2026-02-20T01:11:06.300Z] [Auth] Token received (length: 839)
[2026-02-20T01:11:14.551Z] [Auth] Response Keys: token,user,expires,papeis
[2026-02-20T01:11:14.551Z] [Auth] Token received (length: 839)
[2026-02-20T01:11:31.475Z] [Auth] Response Keys: token,user,expires,papeis
[2026-02-20T01:11:31.475Z] [Auth] Token received (length: 839)
[2026-02-20T01:11:36.967Z] [Auth] Response Keys: token,user,expires,papeis
[2026-02-20T01:11:36.967Z] [Auth] Token received (length: 839)
[2026-02-20T01:11:46.939Z] [Auth] Response Keys: token,user,expires,papeis
[2026-02-20T01:11:46.940Z] [Auth] Token received (length: 839)
[2026-02-20T01:15:26.088Z] [Auth] Response Keys: token,user,expires,papeis
[2026-02-20T01:15:26.089Z] [Auth] Token received (length: 839)
[2026-02-20T01:15:29.900Z] [Auth] Response Keys: token,user,expires,papeis
[2026-02-20T01:15:29.900Z] [Auth] Token received (length: 839)
[2026-02-20T01:16:16.285Z] [Auth] Response Keys: token,user,expires,papeis
[2026-02-20T01:16:16.285Z] [Auth] Token received (length: 839)
[2026-02-20T01:16:17.834Z] [Auth] Response Keys: token,user,expires,papeis
[2026-02-20T01:16:17.834Z] [Auth] Token received (length: 839)
[2026-02-20T01:17:11.082Z] [Auth] Response Keys: token,user,expires,papeis
[2026-02-20T01:17:11.083Z] [Auth] Token received (length: 839)
[2026-02-20T01:17:19.413Z] [Auth] Response Keys: token,user,expires,papeis
[2026-02-20T01:17:19.414Z] [Auth] Token received (length: 839)
[2026-02-20T01:19:45.942Z] [Auth] Response Keys: token,user,expires,papeis
[2026-02-20T01:19:45.943Z] [Auth] Token received (length: 839)
[2026-02-20T01:20:15.224Z] [Auth] Response Keys: token,user,expires,papeis
[2026-02-20T01:20:15.225Z] [Auth] Token received (length: 839)
[2026-02-20T01:21:32.050Z] [Auth] Response Keys: token,user,expires,papeis
[2026-02-20T01:21:32.051Z] [Auth] Token received (length: 839)
[2026-02-20T01:21:36.177Z] [Auth] Response Keys: token,user,expires,papeis
[2026-02-20T01:21:36.178Z] [Auth] Token received (length: 839)
[2026-02-20T01:21:39.784Z] [Auth] Response Keys: token,user,expires,papeis
[2026-02-20T01:21:39.784Z] [Auth] Token received (length: 839)
[2026-02-20T01:21:41.213Z] [Auth] Response Keys: token,user,expires,papeis
[2026-02-20T01:21:41.214Z] [Auth] Token received (length: 839)
[2026-02-20T01:21:42.259Z] [Auth] Response Keys: token,user,expires,papeis
[2026-02-20T01:21:42.259Z] [Auth] Token received (length: 839)
[2026-02-20T01:21:49.986Z] [Auth] Response Keys: token,user,expires,papeis
[2026-02-20T01:21:49.986Z] [Auth] Token received (length: 839)
[2026-02-20T01:23:18.776Z] [Auth] Response Keys: token,user,expires,papeis
[2026-02-20T01:23:18.777Z] [Auth] Token received (length: 839)
[2026-02-20T01:28:33.773Z] [Auth] Response Keys: token,user,expires,papeis
[2026-02-20T01:28:33.773Z] [Auth] Token received (length: 839)
[2026-02-20T01:28:39.360Z] [Auth] Response Keys: token,user,expires,papeis
[2026-02-20T01:28:39.360Z] [Auth] Token received (length: 839)
[2026-02-20T01:28:42.991Z] [Auth] Response Keys: token,user,expires,papeis
[2026-02-20T01:28:42.992Z] [Auth] Token received (length: 839)
[2026-02-20T01:28:42.992Z] [API] Fetching: https://api.suporteleiloes.com.br/api/leiloes?page=1&limit=20&sortBy=dataProximoLeilao&descending=false&search=&status=0%2C1%2C2%2C3%2C4
[2026-02-20T01:28:45.173Z] [Auth] Response Keys: token,user,expires,papeis
[2026-02-20T01:28:45.174Z] [Auth] Token received (length: 839)
[2026-02-20T01:28:46.220Z] [Auth] Response Keys: token,user,expires,papeis
[2026-02-20T01:28:46.220Z] [Auth] Token received (length: 839)
[2026-02-20T01:29:33.162Z] [Auth] Response Keys: token,user,expires,papeis
[2026-02-20T01:29:33.162Z] [Auth] Token received (length: 839)
[2026-02-20T01:29:38.478Z] [Auth] Response Keys: token,user,expires,papeis
[2026-02-20T01:29:38.478Z] [Auth] Token received (length: 839)
[2026-02-20T01:29:38.479Z] [API] Fetching: https://api.suporteleiloes.com.br/api/leiloes?page=1&limit=20&sortBy=dataProximoLeilao&descending=false&search=&status=0%2C1%2C2%2C3%2C4
[2026-02-20T01:29:41.170Z] [Auth] Response Keys: token,user,expires,papeis
[2026-02-20T01:29:41.170Z] [Auth] Token received (length: 839)
[2026-02-20T01:29:41.171Z] [API] Fetching: https://api.suporteleiloes.com.br/api/leiloes?page=1&limit=20&sortBy=dataProximoLeilao&descending=false&search=&status=0%2C1%2C2%2C3%2C4
[2026-02-20T01:29:44.646Z] [Auth] Response Keys: token,user,expires,papeis
[2026-02-20T01:29:44.646Z] [Auth] Token received (length: 839)
[2026-02-20T01:29:48.082Z] [Auth] Response Keys: token,user,expires,papeis
[2026-02-20T01:29:48.082Z] [Auth] Token received (length: 839)
[2026-02-20T01:29:57.987Z] [Auth] Response Keys: token,user,expires,papeis
[2026-02-20T01:29:57.987Z] [Auth] Token received (length: 839)
[2026-02-20T01:30:01.094Z] [Auth] Response Keys: token,user,expires,papeis
[2026-02-20T01:30:01.095Z] [Auth] Token received (length: 839)
[2026-02-20T01:30:30.253Z] [Auth] Response Keys: token,user,expires,papeis
[2026-02-20T01:30:30.253Z] [Auth] Token received (length: 839)
[2026-02-20T01:30:33.254Z] [Auth] Response Keys: token,user,expires,papeis
[2026-02-20T01:30:33.255Z] [Auth] Token received (length: 839)
[2026-02-20T01:30:35.611Z] [Auth] Response Keys: token,user,expires,papeis
[2026-02-20T01:30:35.612Z] [Auth] Token received (length: 839)
[2026-02-20T01:30:36.468Z] [Auth] Response Keys: token,user,expires,papeis
[2026-02-20T01:30:36.469Z] [Auth] Token received (length: 839)
[2026-02-20T01:30:55.974Z] [Auth] Response Keys: token,user,expires,papeis
[2026-02-20T01:30:55.974Z] [Auth] Token received (length: 839)
[2026-02-20T01:31:04.219Z] [Auth] Response Keys: token,user,expires,papeis
[2026-02-20T01:31:04.219Z] [Auth] Token received (length: 839)
[2026-02-20T01:31:04.220Z] [API] Fetching: https://api.suporteleiloes.com.br/api/leiloes?page=1&limit=20&sortBy=dataProximoLeilao&descending=false&search=&status=0%2C1%2C2%2C3%2C4
[2026-02-20T01:31:08.208Z] [Auth] Response Keys: token,user,expires,papeis
[2026-02-20T01:31:08.209Z] [Auth] Token received (length: 839)
[2026-02-20T01:31:10.368Z] [Auth] Response Keys: token,user,expires,papeis
[2026-02-20T01:31:10.368Z] [Auth] Token received (length: 839)
[2026-02-20T01:31:11.152Z] [Auth] Response Keys: token,user,expires,papeis
[2026-02-20T01:31:11.153Z] [Auth] Token received (length: 839)
[2026-02-20T01:31:20.127Z] [Auth] Response Keys: token,user,expires,papeis
[2026-02-20T01:31:20.128Z] [Auth] Token received (length: 839)
[2026-02-20T01:31:50.206Z] [Auth] Response Keys: token,user,expires,papeis
[2026-02-20T01:31:50.206Z] [Auth] Token received (length: 839)
[2026-02-20T01:31:51.262Z] [Auth] Response Keys: token,user,expires,papeis
[2026-02-20T01:31:51.263Z] [Auth] Token received (length: 839)
[2026-02-20T01:31:51.263Z] [API] Fetching: https://api.suporteleiloes.com.br/api/leiloes?page=1&limit=20&sortBy=dataProximoLeilao&descending=false&search=&status=0%2C1%2C2%2C3%2C4
[2026-02-20T01:31:57.222Z] [Auth] Response Keys: token,user,expires,papeis
[2026-02-20T01:31:57.223Z] [Auth] Token received (length: 839)
[2026-02-20T01:31:57.223Z] [API] Fetching: https://api.suporteleiloes.com.br/api/leiloes?page=1&limit=20&sortBy=dataProximoLeilao&descending=false&search=&status=0%2C1%2C2%2C3%2C4
[2026-02-20T01:31:57.230Z] [Auth] Response Keys: token,user,expires,papeis
[2026-02-20T01:31:57.231Z] [Auth] Token received (length: 839)
[2026-02-20T01:31:57.231Z] [API] Fetching: https://api.suporteleiloes.com.br/api/leiloes?page=1&limit=20&sortBy=dataProximoLeilao&descending=false&search=&status=0%2C1%2C2%2C3%2C4
[2026-02-20T01:32:00.953Z] [Auth] Response Keys: token,user,expires,papeis
[2026-02-20T01:32:00.954Z] [Auth] Token received (length: 839)
[2026-02-20T01:32:03.301Z] [Auth] Response Keys: token,user,expires,papeis
[2026-02-20T01:32:03.302Z] [Auth] Token received (length: 839)
[2026-02-20T01:32:04.212Z] [Auth] Response Keys: token,user,expires,papeis
[2026-02-20T01:32:04.212Z] [Auth] Token received (length: 839)
[2026-02-20T01:32:14.072Z] [Auth] Response Keys: token,user,expires,papeis
[2026-02-20T01:32:14.072Z] [Auth] Token received (length: 839)
[2026-02-20T01:32:15.909Z] [Auth] Response Keys: token,user,expires,papeis
[2026-02-20T01:32:15.910Z] [Auth] Token received (length: 839)
[2026-02-20T01:32:20.119Z] [Auth] Response Keys: token,user,expires,papeis
[2026-02-20T01:32:20.119Z] [Auth] Token received (length: 839)
[2026-02-20T01:32:25.728Z] [Auth] Response Keys: token,user,expires,papeis
[2026-02-20T01:32:25.729Z] [Auth] Token received (length: 839)
[2026-02-20T01:33:58.786Z] [Auth] Response Keys: token,user,expires,papeis
[2026-02-20T01:33:58.787Z] [Auth] Token received (length: 839)
[2026-02-20T01:34:02.676Z] [Auth] Response Keys: token,user,expires,papeis
[2026-02-20T01:34:02.677Z] [Auth] Token received (length: 839)
[2026-02-20T01:34:03.931Z] [Auth] Response Keys: token,user,expires,papeis
[2026-02-20T01:34:03.931Z] [Auth] Token received (length: 839)
[2026-02-20T01:34:13.536Z] [Auth] Response Keys: token,user,expires,papeis
[2026-02-20T01:34:13.536Z] [Auth] Token received (length: 839)
[2026-02-20T01:34:48.104Z] [Auth] Response Keys: token,user,expires,papeis
[2026-02-20T01:34:48.105Z] [Auth] Token received (length: 839)
[2026-02-20T01:34:52.526Z] [Auth] Response Keys: token,user,expires,papeis
[2026-02-20T01:34:52.526Z] [Auth] Token received (length: 839)
[2026-02-20T01:35:00.561Z] [Auth] Response Keys: token,user,expires,papeis
[2026-02-20T01:35:00.562Z] [Auth] Token received (length: 839)
[2026-02-20T01:35:05.320Z] [Auth] Response Keys: token,user,expires,papeis
[2026-02-20T01:35:05.321Z] [Auth] Token received (length: 839)
[2026-02-20T01:36:25.502Z] [Auth] Response Keys: token,user,expires,papeis
[2026-02-20T01:36:25.502Z] [Auth] Token received (length: 839)
[2026-02-20T01:36:39.355Z] [Auth] Response Keys: token,user,expires,papeis
[2026-02-20T01:36:39.355Z] [Auth] Token received (length: 839)
[2026-02-20T01:36:46.818Z] [Auth] Response Keys: token,user,expires,papeis
[2026-02-20T01:36:46.818Z] [Auth] Token received (length: 839)
[2026-02-20T01:36:46.819Z] [API] Fetching: https://api.suporteleiloes.com.br/api/leiloes?page=1&limit=20&sortBy=dataProximoLeilao&descending=false&search=&status=0%2C1%2C2%2C3%2C4
[2026-02-20T01:36:49.276Z] [Auth] Response Keys: token,user,expires,papeis
[2026-02-20T01:36:49.276Z] [Auth] Token received (length: 839)
[2026-02-20T01:36:51.843Z] [Auth] Response Keys: token,user,expires,papeis
[2026-02-20T01:36:51.844Z] [Auth] Token received (length: 839)
[2026-02-20T01:36:52.850Z] [Auth] Response Keys: token,user,expires,papeis
[2026-02-20T01:36:52.850Z] [Auth] Token received (length: 839)
[2026-02-20T01:37:32.211Z] [Auth] Response Keys: token,user,expires,papeis
[2026-02-20T01:37:32.211Z] [Auth] Token received (length: 839)
[2026-02-20T01:39:50.972Z] [Auth] Response Keys: token,user,expires,papeis
[2026-02-20T01:39:50.973Z] [Auth] Token received (length: 839)
[2026-02-20T01:41:56.987Z] [Auth] Response Keys: token,user,expires,papeis
[2026-02-20T01:41:56.987Z] [Auth] Token received (length: 839)
[2026-02-20T01:42:05.629Z] [Auth] Response Keys: token,user,expires,papeis
[2026-02-20T01:42:05.630Z] [Auth] Token received (length: 839)
[2026-02-20T11:06:38.744Z] [Auth] Response Keys: token,user,expires,papeis
[2026-02-20T11:06:38.745Z] [Auth] Token received (length: 839)
[2026-02-20T11:06:38.745Z] [API] Fetching: https://api.suporteleiloes.com.br/api/leiloes?page=1&limit=20&sortBy=dataProximoLeilao&descending=false&search=&status=0%2C1%2C2%2C3%2C4
[2026-02-20T11:06:43.678Z] [Auth] Response Keys: token,user,expires,papeis
[2026-02-20T11:06:43.679Z] [Auth] Token received (length: 839)
[2026-02-20T11:06:48.387Z] [Auth] Response Keys: token,user,expires,papeis
[2026-02-20T11:06:48.387Z] [Auth] Token received (length: 839)
[2026-02-20T11:06:49.542Z] [Auth] Response Keys: token,user,expires,papeis
[2026-02-20T11:06:49.542Z] [Auth] Token received (length: 839)
[2026-02-20T11:07:09.547Z] [Auth] Response Keys: token,user,expires,papeis
[2026-02-20T11:07:09.547Z] [Auth] Token received (length: 839)
[2026-02-20T11:07:22.161Z] [Auth] Response Keys: token,user,expires,papeis
[2026-02-20T11:07:22.161Z] [Auth] Token received (length: 839)
[2026-02-20T11:07:27.694Z] [Auth] Response Keys: token,user,expires,papeis
[2026-02-20T11:07:27.695Z] [Auth] Token received (length: 839)
[2026-02-20T11:07:33.203Z] [Auth] Response Keys: token,user,expires,papeis
[2026-02-20T11:07:33.204Z] [Auth] Token received (length: 839)
[2026-02-20T11:07:34.020Z] [Auth] Response Keys: token,user,expires,papeis
[2026-02-20T11:07:34.021Z] [Auth] Token received (length: 839)
[2026-02-20T11:07:52.217Z] [Auth] Response Keys: token,user,expires,papeis
[2026-02-20T11:07:52.217Z] [Auth] Token received (length: 839)
[2026-02-20T14:55:00.643Z] [Auth] Response Keys: token,user,expires,papeis
[2026-02-20T14:55:00.645Z] [Auth] Token received (length: 839)
[2026-02-20T14:55:00.646Z] [API] Fetching: https://api.suporteleiloes.com.br/api/leiloes?page=1&limit=20&sortBy=dataProximoLeilao&descending=false&search=&status=0%2C1%2C2%2C3%2C4
[2026-02-20T14:55:14.188Z] [Auth] Response Keys: token,user,expires,papeis
[2026-02-20T14:55:14.188Z] [Auth] Token received (length: 839)
[2026-02-20T14:55:18.904Z] [Auth] Response Keys: token,user,expires,papeis
[2026-02-20T14:55:18.905Z] [Auth] Token received (length: 839)
[2026-02-20T15:07:32.179Z] [Auth] Response Keys: token,user,expires,papeis
[2026-02-20T15:07:32.179Z] [Auth] Token received (length: 839)
[2026-02-20T15:07:47.732Z] [Auth] Response Keys: token,user,expires,papeis
[2026-02-20T15:07:47.733Z] [Auth] Token received (length: 839)
[2026-02-20T15:07:47.734Z] [API] Fetching: https://api.suporteleiloes.com.br/api/leiloes?page=1&limit=20&sortBy=dataProximoLeilao&descending=false&search=&status=0%2C1%2C2%2C3%2C4
[2026-02-20T15:07:51.083Z] [Auth] Response Keys: token,user,expires,papeis
[2026-02-20T15:07:51.084Z] [Auth] Token received (length: 839)
[2026-02-20T15:07:54.785Z] [Auth] Response Keys: token,user,expires,papeis
[2026-02-20T15:07:54.786Z] [Auth] Token received (length: 839)
[2026-02-20T15:07:55.848Z] [Auth] Response Keys: token,user,expires,papeis
[2026-02-20T15:07:55.848Z] [Auth] Token received (length: 839)
[2026-02-20T15:08:04.638Z] [Auth] Response Keys: token,user,expires,papeis
[2026-02-20T15:08:04.638Z] [Auth] Token received (length: 839)
[2026-02-20T15:08:04.639Z] [API] Fetching: https://api.suporteleiloes.com.br/api/leiloes?page=1&limit=20&sortBy=dataProximoLeilao&descending=false&search=&status=0%2C1%2C2%2C3%2C4
[2026-02-20T15:08:06.551Z] [Auth] Response Keys: token,user,expires,papeis
[2026-02-20T15:08:06.552Z] [Auth] Token received (length: 839)
[2026-02-20T15:08:09.495Z] [Auth] Response Keys: token,user,expires,papeis
[2026-02-20T15:08:09.495Z] [Auth] Token received (length: 839)
[2026-02-20T15:08:10.307Z] [Auth] Response Keys: token,user,expires,papeis
[2026-02-20T15:08:10.307Z] [Auth] Token received (length: 839)
[2026-02-20T15:08:30.207Z] [Auth] Response Keys: token,user,expires,papeis
[2026-02-20T15:08:30.207Z] [Auth] Token received (length: 839)
[2026-02-20T15:12:24.029Z] [Auth] Response Keys: token,user,expires,papeis
[2026-02-20T15:12:24.029Z] [Auth] Token received (length: 839)
[2026-02-20T15:12:32.627Z] [Auth] Response Keys: token,user,expires,papeis
[2026-02-20T15:12:32.627Z] [Auth] Token received (length: 839)
[2026-02-20T15:12:33.524Z] [Auth] Response Keys: token,user,expires,papeis
[2026-02-20T15:12:33.524Z] [Auth] Token received (length: 839)
[2026-02-20T15:13:17.849Z] [Auth] Response Keys: token,user,expires,papeis
[2026-02-20T15:13:17.849Z] [Auth] Token received (length: 839)
[2026-02-20T15:13:36.832Z] [Auth] Response Keys: token,user,expires,papeis
[2026-02-20T15:13:36.832Z] [Auth] Token received (length: 839)
[2026-02-20T15:53:43.351Z] [Auth] Response Keys: token,user,expires,papeis
[2026-02-20T15:53:43.352Z] [Auth] Token received (length: 839)
[2026-02-20T15:54:01.388Z] [Auth] Response Keys: token,user,expires,papeis
[2026-02-20T15:54:01.388Z] [Auth] Token received (length: 839)
[2026-02-20T16:10:15.629Z] [Auth] Response Keys: token,user,expires,papeis
[2026-02-20T16:10:15.629Z] [Auth] Token received (length: 839)
[2026-02-20T16:12:50.931Z] [Auth] Response Keys: token,user,expires,papeis
[2026-02-20T16:12:50.932Z] [Auth] Token received (length: 839)
[2026-02-20T16:15:04.281Z] [Auth] Response Keys: token,user,expires,papeis
[2026-02-20T16:15:04.282Z] [Auth] Token received (length: 839)
[2026-02-20T16:15:12.121Z] [Auth] Response Keys: token,user,expires,papeis
[2026-02-20T16:15:12.122Z] [Auth] Token received (length: 839)
[2026-02-20T16:15:12.122Z] [API] Fetching: https://api.suporteleiloes.com.br/api/leiloes?page=1&limit=20&sortBy=dataProximoLeilao&descending=false&search=&status=0%2C1%2C2%2C3%2C4
[2026-02-20T16:15:15.685Z] [Auth] Response Keys: token,user,expires,papeis
[2026-02-20T16:15:15.686Z] [Auth] Token received (length: 839)
[2026-02-20T16:15:18.485Z] [Auth] Response Keys: token,user,expires,papeis
[2026-02-20T16:15:18.486Z] [Auth] Token received (length: 839)
[2026-02-20T16:15:21.405Z] [Auth] Response Keys: token,user,expires,papeis
[2026-02-20T16:15:21.406Z] [Auth] Token received (length: 839)
[2026-02-20T16:15:38.470Z] [Auth] Response Keys: token,user,expires,papeis
[2026-02-20T16:15:38.471Z] [Auth] Token received (length: 839)
[2026-02-20T16:15:52.498Z] [Auth] Response Keys: token,user,expires,papeis
[2026-02-20T16:15:52.499Z] [Auth] Token received (length: 839)
[2026-02-20T16:16:08.750Z] [Auth] Response Keys: token,user,expires,papeis
[2026-02-20T16:16:08.751Z] [Auth] Token received (length: 839)
